11:34:08 - 開始處理語言: zh-MO
11:34:08 - 目標業態: enterprises, public_sector, training_institutions
11:34:08 - 來源檔案: i18n_output/zh-MO_tobemodified.xlsx
11:34:08 - 開始讀取 Excel 檔案: i18n_output/zh-MO_tobemodified.xlsx
11:34:08 - 發現欄位: ['檔案類型', '檔案路徑', '項目ID', '項目內容', '敏感詞', '敏感詞分類', '企業_替換方案', '企業_替換結果', '公部門_替換方案', '公部門_替換結果', '培訓機構_替換方案', '培訓機構_替換結果']
11:34:08 - 發現新增的調試欄位: ['敏感詞分類']
11:34:08 - 業態替換結果欄位: ['企業_替換結果', '公部門_替換結果', '培訓機構_替換結果']
11:34:08 - 開始解析 Excel 修正資料
11:34:08 - 警告: 替換結果中仍包含敏感詞
11:34:08 - 警告: 替換結果中仍包含敏感詞
11:34:08 - 警告: 替換結果中仍包含敏感詞
11:34:08 - 警告: 替換結果中仍包含敏感詞
11:34:08 - 解析完成 - 總更新項目數: 40
11:34:08 - 開始處理業態: 企業
11:34:08 - PO 更新: 'EducationalAdmin' → '這是對的'
11:34:08 - PO 更新: '科目代碼' → '2字錯的科目代碼'
11:34:08 - PO 更新: '由教務系統匯入的課程或者教師新建的課程，皆預設為一般課程。' → '由2字錯的系統匯入的課程或者教師新建的課程，皆預設為一般課程。'
11:34:08 - PO 更新: '供系統管理員與教務人員測試用的課程。' → '供系統管理員與這是對的測試用的科目。'
11:34:08 - PO 更新: '人事院系、课程选课等信息接入TronClass平台，提供无缝平滑的数据对接。成绩自动上报教务系统，采用灵活的同步方式（数据库、API）和同步机制（定时同步、实时同步）。' → '人事課程、科目選課等訊息接入TronClass平台，提供無縫平滑的資料對接。成績自動上傳2字錯的系統，採用靈活的同步方式（資料庫、API）和同步機制（定時同步、即時同步）。'
11:34:08 - PO 更新: '基础教务管理' → '基礎2字錯的管理'
11:34:08 - PO 更新: '教务人员可以对院系、人员和课程等进行统一的管理，随时了解人员基本信息和修课情况并及时发出提醒，还可以协助老师完成公告发布，大纲录入等工作。' → '這是對的可以對課程、人員和科目等進行統一的管理，隨時了解人員基本訊息和修課情況並及時發出提醒，還可以協助老師完成公告發布，大綱輸入等工作。'
11:34:08 - PO 更新: '教师的所有历史教学数据都透明可见，教务人员可以实时跟踪所有课程、老师、学生的情况，方便及时发现教学过程中的问题并为教学评鉴提供事实依据。' → '教師的所有歷史教學數據都透明可見，這是對的可以即時追蹤所有科目、老師、學生的情況，方便即時發現教學過程中的問題並為教學評鑑提供事實依據。'
11:34:08 - PO 更新: '教务和系统管理' → '2字錯的和系統管理'
11:34:08 - PO 更新: '数据无缝迁移对接' → '2字錯的資料無縫對接'
11:34:08 - PO 更新: '送繳最終成績' → '送繳2字錯的'
11:34:08 - PO 更新: '未送繳教務' → '未送繳2字錯的'
11:34:08 - PO 更新: '已送繳教務' → '已送繳2字錯的'
11:34:08 - PO 更新: '送繳教務' → '送繳2字錯的'
11:34:08 - PO 更新: '教務課程不允許訪客加入' → '2字錯的科目不允許訪客加入'
11:34:08 - PO 更新: '機構還沒有課程, 以教務身份開設課程' → '機構還沒有科目, 以2字錯的身份開設科目'
11:34:08 - PO 更新: '還沒有課程, 以教務身份開設課程' → '還沒有科目, 以2字錯的身份開設科目'
11:34:08 - PO 更新: '本課程大綱同步自教務系統，請至教務系統編輯內容' → '本科目大綱同步自2字錯的系統，請至教務系統編輯內容'
11:34:08 - PO 更新: '本課程大綱同步自教務系統，請至教務系統編輯內容' → '本科目大綱同步自教務系統，請至2字錯的系統編輯內容'
11:34:08 - PO 更新: '課程代碼 {} ，教務系統查無指定課程資訊' → '科目代碼 {} ，2字錯的系統查無指定課程資訊'
11:34:08 - PO 更新: '本學期教務系統開課' → '本學期2字錯的系統開課'
11:34:08 - PO 更新: '教務系統開課' → '2字錯的系統開課'
11:34:08 - PO 更新: '教务处教务科' → '2字錯的處教務科'
11:34:08 - PO 更新: '教务处教务科' → '教務處2字錯的科'
11:34:08 - PO 更新: '教务处信息化管理科' → '2字錯的處信息化管理科'
11:34:08 - PO 更新: '按教务模板' → '按2字錯的模板'
11:34:08 - PO 檔案已儲存: messages_enterprises.po, 更新 26 個條目
11:34:08 - JSON 更新: 'EducationalAdmin' → '這是對的'
11:34:08 - JSON 更新: 'sliderTips.published' → '成績已經送繳2字錯的，無法設置成績佔比'
11:34:08 - JSON 更新: 'captureManage.educationAdminSetting' → '這是對的可管理直錄播'
11:34:08 - JSON 更新: 'captureManage.educationAdminSettingTips' → '開啟選項後，2字錯的可通過後台直錄播模塊管理教室直錄播活動'
11:34:08 - JSON 更新: 'logType.publish_course_score' → '送繳2字錯的系統'
11:34:08 - JSON 更新: 'logType.submit_edu_scores' → '成績送交2字錯的'
11:34:08 - JSON 更新: 'createCourse.list' → '2字錯的系統開課'
11:34:08 - JSON 更新: 'combineCourse.selectCourseTip' → '僅支持合併2字錯的對接課程，合併中課程不可選擇，合併課程之間不支持再次合併。公開課不支持合併。'
11:34:08 - JSON 更新: 'combineCourse.subjectCode' → '2字錯的科目代碼'
11:34:08 - JSON 更新: 'v3.useCases.sisRelated.title' → '2字錯的相關功能'
11:34:08 - JSON 更新: 'v3.useCases.sisRelated.basicAcademicAdministration' → '基礎2字錯的管理'
11:34:08 - JSON 更新: 'v3.useCases.compulsoryCourse.description' → '學校課程自動導入，和2字錯的系統對接'
11:34:08 - JSON 更新: 'v3.tcVersion.campus.academicSystem' → '2字錯的和系統管理'
11:34:08 - JSON 更新: 'v3.tcVersion.campus.academicDataIntegration' → '2字錯的資料無縫對接'
11:34:08 - JSON 檔案已儲存: zh-MO_enterprises.json, 更新 14 個條目
11:34:08 - 企業 處理完成: 總更新 40 個
11:34:08 - 開始處理業態: 公部門
11:34:08 - 公部門 處理完成: 總更新 0 個
11:34:08 - 開始處理業態: 培訓機構
11:34:08 - 培訓機構 處理完成: 總更新 0 個
11:34:08 - 語言 zh-MO 處理完成: 成功 3/3 個業態
11:34:08 - 摘要報告已生成：i18n_output/zh-MO_20250612_113408/processing_summary_20250612_113408.txt
