11:34:07 - 開始處理語言: zh-TW
11:34:07 - 目標業態: enterprises, public_sector, training_institutions
11:34:07 - 來源檔案: i18n_output/zh-TW_tobemodified.xlsx
11:34:07 - 開始讀取 Excel 檔案: i18n_output/zh-TW_tobemodified.xlsx
11:34:07 - 發現欄位: ['檔案類型', '檔案路徑', '項目ID', '項目內容', '敏感詞', '敏感詞分類', '企業_替換方案', '企業_替換結果', '公部門_替換方案', '公部門_替換結果', '培訓機構_替換方案', '培訓機構_替換結果']
11:34:07 - 發現新增的調試欄位: ['敏感詞分類']
11:34:07 - 業態替換結果欄位: ['企業_替換結果', '公部門_替換結果', '培訓機構_替換結果']
11:34:07 - 開始解析 Excel 修正資料
11:34:07 - 警告: 替換結果中仍包含敏感詞
11:34:07 - 警告: 替換結果中仍包含敏感詞
11:34:07 - 警告: 替換結果中仍包含敏感詞
11:34:07 - 警告: 替換結果中仍包含敏感詞
11:34:07 - 警告: 替換結果中仍包含敏感詞
11:34:07 - 警告: 替換結果中仍包含敏感詞
11:34:07 - 警告: 替換結果中仍包含敏感詞
11:34:07 - 警告: 替換結果中仍包含敏感詞
11:34:07 - 警告: 替換結果中仍包含敏感詞
11:34:07 - 警告: 替換結果中仍包含敏感詞
11:34:07 - 警告: 替換結果中仍包含敏感詞
11:34:07 - 警告: 替換結果中仍包含敏感詞
11:34:07 - 解析完成 - 總更新項目數: 126
11:34:07 - 開始處理業態: 企業
11:34:07 - PO 更新: 'EducationalAdmin' → '這是對的企業'
11:34:07 - PO 更新: '科目代碼' → '2字錯的企業科目代碼'
11:34:07 - PO 更新: '成績已送繳教務，無法更新成绩比率' → '成績已送繳2字錯的企業，無法更新成绩比率'
11:34:07 - PO 更新: '成績已送繳教務，成绩比率只能為0' → '成績已送繳2字錯的企業，成績比率只能為0'
11:34:07 - PO 更新: '人事院系、课程选课等信息接入TronClass平台，提供无缝平滑的数据对接。成绩自动上报教务系统，采用灵活的同步方式（数据库、API）和同步机制（定时同步、实时同步）。' → '2字錯的企業資訊介接 TronClass 平台，提供無縫平滑的資料對接。成績自動上傳教務系統，採用靈活的同步方式（資料庫、API）和同步機制（定時同步、即時同步）。'
11:34:07 - PO 更新: '人事院系、课程选课等信息接入TronClass平台，提供无缝平滑的数据对接。成绩自动上报教务系统，采用灵活的同步方式（数据库、API）和同步机制（定时同步、实时同步）。' → '教務資訊介接 TronClass 平台，提供無縫平滑的資料對接。成績自動上傳2字錯的企業系統，採用靈活的同步方式（資料庫、API）和同步機制（定時同步、即時同步）。'
11:34:07 - PO 更新: '基础教务管理' → '基礎2字錯的企業管理'
11:34:07 - PO 更新: '教务人员可以对院系、人员和课程等进行统一的管理，随时了解人员基本信息和修课情况并及时发出提醒，还可以协助老师完成公告发布，大纲录入等工作。' → '這是對的企業可以對院系、人員和課程等進行統一的管理，隨時了解人員基本訊息和修課情況並及時發出提醒，還可以協助老師完成公告發布，大綱輸入等工作。'
11:34:07 - PO 更新: '教师的所有历史教学数据都透明可见，教务人员可以实时跟踪所有课程、老师、学生的情况，方便及时发现教学过程中的问题并为教学评鉴提供事实依据。' → '教師的所有歷史教學資料都透明可見，這是對的企業可以即時追蹤所有課程、老師、學生的情況，方便即時發現教學過程中的問題並為教學評鑑提供依據。'
11:34:07 - PO 更新: '教务和系统管理' → '2字錯的企業和系統管理'
11:34:07 - PO 更新: '数据无缝迁移对接' → '2字錯的企業資料無縫介接'
11:34:07 - PO 更新: '總成績已送缴教務，不能進行作業編輯和成績修改' → '總成績已送缴2字錯的企業，不能編輯作業和修改成績'
11:34:07 - PO 更新: '總成績送繳截止日期已過，無法送繳教務' → '總成績送繳截止日期已過，無法送繳2字錯的企業'
11:34:07 - PO 更新: '送繳教務' → '送繳2字錯的企業'
11:34:07 - PO 更新: '教務修改了該生成績' → '2字錯的企業修改了該學生的成績'
11:34:07 - PO 更新: '教務權限' → '2字錯的企業權限'
11:34:07 - PO 更新: '成績已送繳管理員，無法設定為“計入成績”' → '成績已送繳2字錯的企業，無法設定為“計分活動”'
11:34:07 - PO 更新: '機構還沒有課程, 以教務身份開設課程' → '機構還沒有課程，以2字錯的企業身份開設課程'
11:34:07 - PO 更新: '成績已經送繳教務，無法設置成績佔比' → '成績已經送繳2字錯的企業，無法設置成績比率'
11:34:07 - PO 更新: '以學生、教師、教務為中心，結合雲端技術打造學習、行動、社交一體化的學習管理平臺，提供完整的教學解決方案，最適用於混合式學習的系統。' → '以學生、教師、2字錯的企業為中心，結合雲端技術打造學習、行動、社交一體化的學習管理平臺，提供完整的教學解決方案，最適用於混成式學習的系統。'
11:34:07 - PO 更新: '教務' → '2字錯的企業'
11:34:07 - PO 更新: '送繳成績失敗! 教務系統成績設定異動，請重新整理瀏覽器以獲取正確數據' → '送繳成績失敗! 2字錯的企業系統成績設定異動，請重新整理瀏覽器以獲取正確資料'
11:34:07 - PO 更新: '本學期教務系統開課' → '本學期2字錯的企業系統開課'
11:34:07 - PO 更新: '教務系統開課' → '2字錯的企業系統開課'
11:34:07 - PO 更新: '教务处教务科' → '2字錯的企業處教務科'
11:34:07 - PO 更新: '教务处教务科' → '教務處2字錯的企業科'
11:34:07 - PO 更新: '教务处信息化管理科' → '2字錯的企業處資訊化管理科'
11:34:07 - PO 更新: '按教务模板' → '按2字錯的企業模板'
11:34:07 - PO 檔案已儲存: messages_enterprises.po, 更新 28 個條目
11:34:07 - JSON 更新: 'EducationalAdmin' → '這是對的企業'
11:34:07 - JSON 更新: 'sliderTips.published' → '成績已經送繳2字錯的企業，無法設置成績佔比'
11:34:07 - JSON 更新: 'captureManage.educationAdminSetting' → '這是對的企業可管理直錄播'
11:34:07 - JSON 更新: 'captureManage.educationAdminSettingTips' → '開啟選項後，2字錯的企業可通過後台直錄播模塊管理教室直錄播活動'
11:34:07 - JSON 更新: 'logType.publish_course_score' → '送繳2字錯的企業系統'
11:34:07 - JSON 更新: 'logType.submit_edu_scores' → '成績送交2字錯的企業'
11:34:07 - JSON 更新: 'createCourse.list' → '2字錯的企業系統開課'
11:34:07 - JSON 更新: 'combineCourse.selectCourseTip' → '僅支持合併2字錯的企業對接課程，合併中課程不可選擇，合併課程之間不支持再次合併。公開課不支持合併。'
11:34:07 - JSON 更新: 'combineCourse.subjectCode' → '2字錯的企業科目代碼'
11:34:07 - JSON 更新: 'v3.useCases.sisRelated.title' → '2字錯的企業相關功能'
11:34:07 - JSON 更新: 'v3.useCases.sisRelated.basicAcademicAdministration' → '基礎2字錯的企業管理'
11:34:07 - JSON 更新: 'v3.useCases.compulsoryCourse.description' → '學校課程自動導入，和2字錯的企業系統對接'
11:34:07 - JSON 更新: 'v3.tcVersion.campus.academicSystem' → '2字錯的企業和系統管理'
11:34:07 - JSON 更新: 'v3.tcVersion.campus.academicDataIntegration' → '2字錯的企業資料無縫對接'
11:34:07 - JSON 檔案已儲存: zh-TW_enterprises.json, 更新 14 個條目
11:34:07 - 企業 處理完成: 總更新 42 個
11:34:07 - 開始處理業態: 公部門
11:34:07 - PO 更新: 'EducationalAdmin' → '這是對的公部門'
11:34:07 - PO 更新: '科目代碼' → '2字錯的公部門科目代碼'
11:34:07 - PO 更新: '成績已送繳教務，無法更新成绩比率' → '成績已送繳2字錯的公部門，無法更新成绩比率'
11:34:07 - PO 更新: '成績已送繳教務，成绩比率只能為0' → '成績已送繳2字錯的公部門，成績比率只能為0'
11:34:07 - PO 更新: '人事院系、课程选课等信息接入TronClass平台，提供无缝平滑的数据对接。成绩自动上报教务系统，采用灵活的同步方式（数据库、API）和同步机制（定时同步、实时同步）。' → '2字錯的公部門資訊介接 TronClass 平台，提供無縫平滑的資料對接。成績自動上傳教務系統，採用靈活的同步方式（資料庫、API）和同步機制（定時同步、即時同步）。'
11:34:07 - PO 更新: '人事院系、课程选课等信息接入TronClass平台，提供无缝平滑的数据对接。成绩自动上报教务系统，采用灵活的同步方式（数据库、API）和同步机制（定时同步、实时同步）。' → '教務資訊介接 TronClass 平台，提供無縫平滑的資料對接。成績自動上傳2字錯的公部門系統，採用靈活的同步方式（資料庫、API）和同步機制（定時同步、即時同步）。'
11:34:07 - PO 更新: '基础教务管理' → '基礎2字錯的公部門管理'
11:34:07 - PO 更新: '教务人员可以对院系、人员和课程等进行统一的管理，随时了解人员基本信息和修课情况并及时发出提醒，还可以协助老师完成公告发布，大纲录入等工作。' → '這是對的公部門可以對院系、人員和課程等進行統一的管理，隨時了解人員基本訊息和修課情況並及時發出提醒，還可以協助老師完成公告發布，大綱輸入等工作。'
11:34:07 - PO 更新: '教师的所有历史教学数据都透明可见，教务人员可以实时跟踪所有课程、老师、学生的情况，方便及时发现教学过程中的问题并为教学评鉴提供事实依据。' → '教師的所有歷史教學資料都透明可見，這是對的公部門可以即時追蹤所有課程、老師、學生的情況，方便即時發現教學過程中的問題並為教學評鑑提供依據。'
11:34:07 - PO 更新: '教务和系统管理' → '2字錯的公部門和系統管理'
11:34:07 - PO 更新: '数据无缝迁移对接' → '2字錯的公部門資料無縫介接'
11:34:07 - PO 更新: '總成績已送缴教務，不能進行作業編輯和成績修改' → '總成績已送缴2字錯的公部門，不能編輯作業和修改成績'
11:34:07 - PO 更新: '總成績送繳截止日期已過，無法送繳教務' → '總成績送繳截止日期已過，無法送繳2字錯的公部門'
11:34:07 - PO 更新: '送繳教務' → '送繳2字錯的公部門'
11:34:07 - PO 更新: '教務修改了該生成績' → '2字錯的公部門修改了該學生的成績'
11:34:07 - PO 更新: '教務權限' → '2字錯的公部門權限'
11:34:07 - PO 更新: '成績已送繳管理員，無法設定為“計入成績”' → '成績已送繳2字錯的公部門，無法設定為“計分活動”'
11:34:07 - PO 更新: '機構還沒有課程, 以教務身份開設課程' → '機構還沒有課程，以2字錯的公部門身份開設課程'
11:34:07 - PO 更新: '成績已經送繳教務，無法設置成績佔比' → '成績已經送繳2字錯的公部門，無法設置成績比率'
11:34:07 - PO 更新: '以學生、教師、教務為中心，結合雲端技術打造學習、行動、社交一體化的學習管理平臺，提供完整的教學解決方案，最適用於混合式學習的系統。' → '以學生、教師、2字錯的公部門為中心，結合雲端技術打造學習、行動、社交一體化的學習管理平臺，提供完整的教學解決方案，最適用於混成式學習的系統。'
11:34:07 - PO 更新: '教務' → '2字錯的公部門'
11:34:07 - PO 更新: '送繳成績失敗! 教務系統成績設定異動，請重新整理瀏覽器以獲取正確數據' → '送繳成績失敗! 2字錯的公部門系統成績設定異動，請重新整理瀏覽器以獲取正確資料'
11:34:07 - PO 更新: '本學期教務系統開課' → '本學期2字錯的公部門系統開課'
11:34:07 - PO 更新: '教務系統開課' → '2字錯的公部門系統開課'
11:34:07 - PO 更新: '教务处教务科' → '2字錯的公部門處教務科'
11:34:07 - PO 更新: '教务处教务科' → '教務處2字錯的公部門科'
11:34:07 - PO 更新: '教务处信息化管理科' → '2字錯的公部門處資訊化管理科'
11:34:07 - PO 更新: '按教务模板' → '按2字錯的公部門模板'
11:34:07 - PO 檔案已儲存: messages_public_sector.po, 更新 28 個條目
11:34:07 - JSON 更新: 'EducationalAdmin' → '這是對的公部門'
11:34:07 - JSON 更新: 'sliderTips.published' → '成績已經送繳2字錯的公部門，無法設置成績佔比'
11:34:07 - JSON 更新: 'captureManage.educationAdminSetting' → '這是對的公部門可管理直錄播'
11:34:07 - JSON 更新: 'captureManage.educationAdminSettingTips' → '開啟選項後，2字錯的公部門可通過後台直錄播模塊管理教室直錄播活動'
11:34:07 - JSON 更新: 'logType.publish_course_score' → '送繳2字錯的公部門系統'
11:34:07 - JSON 更新: 'logType.submit_edu_scores' → '成績送交2字錯的公部門'
11:34:07 - JSON 更新: 'createCourse.list' → '2字錯的公部門系統開課'
11:34:07 - JSON 更新: 'combineCourse.selectCourseTip' → '僅支持合併2字錯的公部門對接課程，合併中課程不可選擇，合併課程之間不支持再次合併。公開課不支持合併。'
11:34:07 - JSON 更新: 'combineCourse.subjectCode' → '2字錯的公部門科目代碼'
11:34:07 - JSON 更新: 'v3.useCases.sisRelated.title' → '2字錯的公部門相關功能'
11:34:07 - JSON 更新: 'v3.useCases.sisRelated.basicAcademicAdministration' → '基礎2字錯的公部門管理'
11:34:07 - JSON 更新: 'v3.useCases.compulsoryCourse.description' → '學校課程自動導入，和2字錯的公部門系統對接'
11:34:07 - JSON 更新: 'v3.tcVersion.campus.academicSystem' → '2字錯的公部門和系統管理'
11:34:07 - JSON 更新: 'v3.tcVersion.campus.academicDataIntegration' → '2字錯的公部門資料無縫對接'
11:34:07 - JSON 檔案已儲存: zh-TW_public_sector.json, 更新 14 個條目
11:34:07 - 公部門 處理完成: 總更新 42 個
11:34:07 - 開始處理業態: 培訓機構
11:34:08 - PO 更新: 'EducationalAdmin' → '這是對的培訓機構'
11:34:08 - PO 更新: '科目代碼' → '2字錯的培訓機構科目代碼'
11:34:08 - PO 更新: '成績已送繳教務，無法更新成绩比率' → '成績已送繳2字錯的培訓機構，無法更新成绩比率'
11:34:08 - PO 更新: '成績已送繳教務，成绩比率只能為0' → '成績已送繳2字錯的培訓機構，成績比率只能為0'
11:34:08 - PO 更新: '人事院系、课程选课等信息接入TronClass平台，提供无缝平滑的数据对接。成绩自动上报教务系统，采用灵活的同步方式（数据库、API）和同步机制（定时同步、实时同步）。' → '2字錯的培訓機構資訊介接 TronClass 平台，提供無縫平滑的資料對接。成績自動上傳教務系統，採用靈活的同步方式（資料庫、API）和同步機制（定時同步、即時同步）。'
11:34:08 - PO 更新: '人事院系、课程选课等信息接入TronClass平台，提供无缝平滑的数据对接。成绩自动上报教务系统，采用灵活的同步方式（数据库、API）和同步机制（定时同步、实时同步）。' → '教務資訊介接 TronClass 平台，提供無縫平滑的資料對接。成績自動上傳2字錯的培訓機構系統，採用靈活的同步方式（資料庫、API）和同步機制（定時同步、即時同步）。'
11:34:08 - PO 更新: '基础教务管理' → '基礎2字錯的培訓機構管理'
11:34:08 - PO 更新: '教务人员可以对院系、人员和课程等进行统一的管理，随时了解人员基本信息和修课情况并及时发出提醒，还可以协助老师完成公告发布，大纲录入等工作。' → '這是對的培訓機構可以對院系、人員和課程等進行統一的管理，隨時了解人員基本訊息和修課情況並及時發出提醒，還可以協助老師完成公告發布，大綱輸入等工作。'
11:34:08 - PO 更新: '教师的所有历史教学数据都透明可见，教务人员可以实时跟踪所有课程、老师、学生的情况，方便及时发现教学过程中的问题并为教学评鉴提供事实依据。' → '教師的所有歷史教學資料都透明可見，這是對的培訓機構可以即時追蹤所有課程、老師、學生的情況，方便即時發現教學過程中的問題並為教學評鑑提供依據。'
11:34:08 - PO 更新: '教务和系统管理' → '2字錯的培訓機構和系統管理'
11:34:08 - PO 更新: '数据无缝迁移对接' → '2字錯的培訓機構資料無縫介接'
11:34:08 - PO 更新: '總成績已送缴教務，不能進行作業編輯和成績修改' → '總成績已送缴2字錯的培訓機構，不能編輯作業和修改成績'
11:34:08 - PO 更新: '總成績送繳截止日期已過，無法送繳教務' → '總成績送繳截止日期已過，無法送繳2字錯的培訓機構'
11:34:08 - PO 更新: '送繳教務' → '送繳2字錯的培訓機構'
11:34:08 - PO 更新: '教務修改了該生成績' → '2字錯的培訓機構修改了該學生的成績'
11:34:08 - PO 更新: '教務權限' → '2字錯的培訓機構權限'
11:34:08 - PO 更新: '成績已送繳管理員，無法設定為“計入成績”' → '成績已送繳2字錯的培訓機構，無法設定為“計分活動”'
11:34:08 - PO 更新: '機構還沒有課程, 以教務身份開設課程' → '機構還沒有課程，以2字錯的培訓機構身份開設課程'
11:34:08 - PO 更新: '成績已經送繳教務，無法設置成績佔比' → '成績已經送繳2字錯的培訓機構，無法設置成績比率'
11:34:08 - PO 更新: '以學生、教師、教務為中心，結合雲端技術打造學習、行動、社交一體化的學習管理平臺，提供完整的教學解決方案，最適用於混合式學習的系統。' → '以學生、教師、2字錯的培訓機構為中心，結合雲端技術打造學習、行動、社交一體化的學習管理平臺，提供完整的教學解決方案，最適用於混成式學習的系統。'
11:34:08 - PO 更新: '教務' → '2字錯的培訓機構'
11:34:08 - PO 更新: '送繳成績失敗! 教務系統成績設定異動，請重新整理瀏覽器以獲取正確數據' → '送繳成績失敗! 2字錯的培訓機構系統成績設定異動，請重新整理瀏覽器以獲取正確資料'
11:34:08 - PO 更新: '本學期教務系統開課' → '本學期2字錯的培訓機構系統開課'
11:34:08 - PO 更新: '教務系統開課' → '2字錯的培訓機構系統開課'
11:34:08 - PO 更新: '教务处教务科' → '2字錯的培訓機構處教務科'
11:34:08 - PO 更新: '教务处教务科' → '教務處2字錯的培訓機構科'
11:34:08 - PO 更新: '教务处信息化管理科' → '2字錯的培訓機構處資訊化管理科'
11:34:08 - PO 更新: '按教务模板' → '按2字錯的培訓機構模板'
11:34:08 - PO 檔案已儲存: messages_training_institutions.po, 更新 28 個條目
11:34:08 - JSON 更新: 'EducationalAdmin' → '這是對的培訓機構'
11:34:08 - JSON 更新: 'sliderTips.published' → '成績已經送繳2字錯的培訓機構，無法設置成績佔比'
11:34:08 - JSON 更新: 'captureManage.educationAdminSetting' → '這是對的培訓機構可管理直錄播'
11:34:08 - JSON 更新: 'captureManage.educationAdminSettingTips' → '開啟選項後，2字錯的培訓機構可通過後台直錄播模塊管理教室直錄播活動'
11:34:08 - JSON 更新: 'logType.publish_course_score' → '送繳2字錯的培訓機構系統'
11:34:08 - JSON 更新: 'logType.submit_edu_scores' → '成績送交2字錯的培訓機構'
11:34:08 - JSON 更新: 'createCourse.list' → '2字錯的培訓機構系統開課'
11:34:08 - JSON 更新: 'combineCourse.selectCourseTip' → '僅支持合併2字錯的培訓機構對接課程，合併中課程不可選擇，合併課程之間不支持再次合併。公開課不支持合併。'
11:34:08 - JSON 更新: 'combineCourse.subjectCode' → '2字錯的培訓機構科目代碼'
11:34:08 - JSON 更新: 'v3.useCases.sisRelated.title' → '2字錯的培訓機構相關功能'
11:34:08 - JSON 更新: 'v3.useCases.sisRelated.basicAcademicAdministration' → '基礎2字錯的培訓機構管理'
11:34:08 - JSON 更新: 'v3.useCases.compulsoryCourse.description' → '學校課程自動導入，和2字錯的培訓機構系統對接'
11:34:08 - JSON 更新: 'v3.tcVersion.campus.academicSystem' → '2字錯的培訓機構和系統管理'
11:34:08 - JSON 更新: 'v3.tcVersion.campus.academicDataIntegration' → '2字錯的培訓機構資料無縫對接'
11:34:08 - JSON 檔案已儲存: zh-TW_training_institutions.json, 更新 14 個條目
11:34:08 - 培訓機構 處理完成: 總更新 42 個
11:34:08 - 語言 zh-TW 處理完成: 成功 3/3 個業態
11:34:08 - 摘要報告已生成：i18n_output/zh-TW_20250612_113407/processing_summary_20250612_113407.txt
