15:02:19 - 開始處理語言: zh-TW (部分檔案模式)
15:02:19 - 目標業態: enterprises
15:02:19 - 來源檔案: i18n_output/zh-TW_tobemodified.xlsx
15:02:19 - 開始讀取 Excel 檔案: i18n_output/zh-TW_tobemodified.xlsx
15:02:19 - 發現欄位: ['檔案類型', '檔案路徑', '項目ID', '項目內容', '敏感詞', '敏感詞分類', '企業_替換方案', '企業_替換結果', '公部門_替換方案', '公部門_替換結果', '培訓機構_替換方案', '培訓機構_替換結果']
15:02:19 - 業態替換結果欄位: ['企業_替換結果']
15:02:19 - 開始解析 Excel 修正資料
15:02:19 - 行 2: 檢測到 1 個敏感詞: ['學生']
15:02:19 - 行 2: 跳過空的替換結果 (企業)
15:02:19 - 行 3: 檢測到 1 個敏感詞: ['教師']
15:02:19 - 行 3: 跳過空的替換結果 (企業)
15:02:19 - 行 4: 檢測到 1 個敏感詞: ['學年']
15:02:19 - 行 4: 跳過空的替換結果 (企業)
15:02:19 - 行 5: 檢測到 1 個敏感詞: ['學期']
15:02:19 - 行 5: 跳過空的替換結果 (企業)
15:02:19 - 行 6: 檢測到 1 個敏感詞: ['年級']
15:02:19 - 行 6: 跳過空的替換結果 (企業)
15:02:19 - 行 7: 檢測到 1 個敏感詞: ['學期']
15:02:19 - 行 7: 跳過空的替換結果 (企業)
15:02:19 - 行 8: 檢測到 1 個敏感詞: ['學期']
15:02:19 - 行 8: 跳過空的替換結果 (企業)
15:02:19 - 行 9: 檢測到 1 個敏感詞: ['學期']
15:02:19 - 行 9: 跳過空的替換結果 (企業)
15:02:19 - 行 10: 檢測到 1 個敏感詞: ['學期']
15:02:19 - 行 10: 跳過空的替換結果 (企業)
15:02:19 - 行 11: 檢測到 1 個敏感詞: ['學生']
15:02:19 - 行 11: 跳過空的替換結果 (企業)
15:02:19 - 行 12: 檢測到 1 個敏感詞: ['老師']
15:02:19 - 行 12: 跳過空的替換結果 (企業)
15:02:19 - 行 13: 檢測到 1 個敏感詞: ['院系']
15:02:19 - 行 13: 跳過空的替換結果 (企業)
15:02:19 - 行 14: 檢測到 1 個敏感詞: ['學生']
15:02:19 - 行 14: 跳過空的替換結果 (企業)
15:02:19 - 行 15: 檢測到 1 個敏感詞: ['學生']
15:02:19 - 行 15: 跳過空的替換結果 (企業)
15:02:19 - 行 16: 檢測到 1 個敏感詞: ['學生']
15:02:19 - 行 16: 跳過空的替換結果 (企業)
15:02:19 - 行 17: 檢測到 1 個敏感詞: ['學年']
15:02:19 - 行 17: 跳過空的替換結果 (企業)
15:02:19 - 行 18: 檢測到 1 個敏感詞: ['學期']
15:02:19 - 行 18: 跳過空的替換結果 (企業)
15:02:19 - 行 19: 檢測到 1 個敏感詞: ['學期']
15:02:19 - 行 19: 跳過空的替換結果 (企業)
15:02:19 - 行 20: 檢測到 1 個敏感詞: ['學期']
15:02:19 - 行 20: 跳過空的替換結果 (企業)
15:02:19 - 行 21: 檢測到 2 個敏感詞: ['教師', '系所']
15:02:19 - 行 21: 跳過空的替換結果 (企業)
15:02:19 - 行 22: 檢測到 3 個敏感詞: ['院系', '院系', '院系']
15:02:19 - 行 22: 跳過空的替換結果 (企業)
15:02:19 - 行 23: 檢測到 1 個敏感詞: ['院系']
15:02:19 - 行 23: 跳過空的替換結果 (企業)
15:02:19 - 行 24: 檢測到 1 個敏感詞: ['院系']
15:02:19 - 行 24: 跳過空的替換結果 (企業)
15:02:19 - 行 25: 檢測到 1 個敏感詞: ['院系']
15:02:19 - 行 25: 跳過空的替換結果 (企業)
15:02:19 - 行 26: 檢測到 1 個敏感詞: ['院系']
15:02:19 - 行 26: 跳過空的替換結果 (企業)
15:02:19 - 行 27: 檢測到 1 個敏感詞: ['院系']
15:02:19 - 行 27: 跳過空的替換結果 (企業)
15:02:19 - 行 28: 檢測到 1 個敏感詞: ['院系']
15:02:19 - 行 28: 跳過空的替換結果 (企業)
15:02:19 - 行 29: 檢測到 1 個敏感詞: ['院系']
15:02:19 - 行 29: 跳過空的替換結果 (企業)
15:02:19 - 行 30: 檢測到 1 個敏感詞: ['年級']
15:02:19 - 行 30: 跳過空的替換結果 (企業)
15:02:19 - 行 31: 檢測到 2 個敏感詞: ['院系', '院系']
15:02:19 - 行 31: 跳過空的替換結果 (企業)
15:02:19 - 行 32: 檢測到 1 個敏感詞: ['院系']
15:02:19 - 行 32: 跳過空的替換結果 (企業)
15:02:19 - 行 33: 檢測到 1 個敏感詞: ['院系']
15:02:19 - 行 33: 跳過空的替換結果 (企業)
15:02:19 - 行 34: 檢測到 1 個敏感詞: ['院系']
15:02:19 - 行 34: 跳過空的替換結果 (企業)
15:02:19 - 行 35: 檢測到 2 個敏感詞: ['學生', '教師']
15:02:19 - 行 35: 跳過空的替換結果 (企業)
15:02:19 - 行 36: 檢測到 2 個敏感詞: ['學生', '學生']
15:02:19 - 行 36: 跳過空的替換結果 (企業)
15:02:19 - 行 37: 檢測到 1 個敏感詞: ['學生']
15:02:19 - 行 37: 跳過空的替換結果 (企業)
15:02:19 - 行 38: 檢測到 1 個敏感詞: ['學生']
15:02:19 - 行 38: 跳過空的替換結果 (企業)
15:02:19 - 行 39: 檢測到 1 個敏感詞: ['學生']
15:02:19 - 行 39: 跳過空的替換結果 (企業)
15:02:19 - 行 40: 檢測到 2 個敏感詞: ['學生', '教師']
15:02:19 - 行 40: 跳過空的替換結果 (企業)
15:02:19 - 行 41: 檢測到 1 個敏感詞: ['學生']
15:02:19 - 行 41: 跳過空的替換結果 (企業)
15:02:19 - 行 42: 檢測到 2 個敏感詞: ['學生', '老師']
15:02:19 - 行 42: 跳過空的替換結果 (企業)
15:02:19 - 行 43: 檢測到 1 個敏感詞: ['設置']
15:02:19 - 行 43: 跳過空的替換結果 (企業)
15:02:19 - 行 44: 檢測到 1 個敏感詞: ['學年']
15:02:19 - 行 44: 跳過空的替換結果 (企業)
15:02:19 - 行 45: 檢測到 1 個敏感詞: ['老師']
15:02:19 - 行 45: 跳過空的替換結果 (企業)
15:02:19 - 行 46: 檢測到 1 個敏感詞: ['學生']
15:02:19 - 行 46: 跳過空的替換結果 (企業)
15:02:19 - 行 47: 檢測到 1 個敏感詞: ['教師']
15:02:19 - 行 47: 跳過空的替換結果 (企業)
15:02:19 - 行 48: 檢測到 1 個敏感詞: ['學生']
15:02:19 - 行 48: 跳過空的替換結果 (企業)
15:02:19 - 行 49: 檢測到 1 個敏感詞: ['學生']
15:02:19 - 行 49: 跳過空的替換結果 (企業)
15:02:19 - 行 50: 檢測到 2 個敏感詞: ['學生', '老師']
15:02:19 - 行 50: 跳過空的替換結果 (企業)
15:02:19 - 行 51: 檢測到 3 個敏感詞: ['學生', '學生', '老師']
15:02:19 - 行 51: 跳過空的替換結果 (企業)
15:02:19 - 行 52: 檢測到 1 個敏感詞: ['老師']
15:02:19 - 行 52: 跳過空的替換結果 (企業)
15:02:19 - 行 53: 檢測到 3 個敏感詞: ['學生', '學生', '老師']
15:02:19 - 行 53: 跳過空的替換結果 (企業)
15:02:19 - 行 54: 檢測到 1 個敏感詞: ['學生']
15:02:19 - 行 54: 跳過空的替換結果 (企業)
15:02:19 - 行 55: 檢測到 2 個敏感詞: ['老師', '院系']
15:02:19 - 行 55: 跳過空的替換結果 (企業)
15:02:19 - 行 56: 檢測到 2 個敏感詞: ['學生', '學生']
15:02:19 - 行 56: 跳過空的替換結果 (企業)
15:02:19 - 行 57: 檢測到 3 個敏感詞: ['學生', '老師', '教師']
15:02:19 - 行 57: 跳過空的替換結果 (企業)
15:02:19 - 行 58: 檢測到 3 個敏感詞: ['學生', '學生', '老師']
15:02:19 - 行 58: 跳過空的替換結果 (企業)
15:02:19 - 行 59: 檢測到 4 個敏感詞: ['學生', '學生', '老師', '老師']
15:02:19 - 行 59: 跳過空的替換結果 (企業)
15:02:19 - 行 60: 檢測到 2 個敏感詞: ['學生', '老師']
15:02:19 - 行 60: 跳過空的替換結果 (企業)
15:02:19 - 行 61: 檢測到 1 個敏感詞: ['學生']
15:02:19 - 行 61: 跳過空的替換結果 (企業)
15:02:19 - 行 62: 檢測到 4 個敏感詞: ['學生', '學生', '老師', '老師']
15:02:19 - 行 62: 跳過空的替換結果 (企業)
15:02:19 - 行 63: 檢測到 3 個敏感詞: ['學生', '學生', '老師']
15:02:19 - 行 63: 跳過空的替換結果 (企業)
15:02:19 - 行 64: 檢測到 3 個敏感詞: ['學生', '學生', '教師']
15:02:19 - 行 64: 跳過空的替換結果 (企業)
15:02:19 - 行 65: 檢測到 2 個敏感詞: ['學生', '學生']
15:02:19 - 行 65: 跳過空的替換結果 (企業)
15:02:19 - 行 66: 檢測到 4 個敏感詞: ['老師', '微信', '微博', '優酷']
15:02:19 - 行 66: 跳過空的替換結果 (企業)
15:02:19 - 行 67: 檢測到 2 個敏感詞: ['學生', '老師']
15:02:19 - 行 67: 跳過空的替換結果 (企業)
15:02:19 - 行 68: 檢測到 2 個敏感詞: ['老師', '設置']
15:02:19 - 行 68: 跳過空的替換結果 (企業)
15:02:19 - 行 69: 檢測到 1 個敏感詞: ['學生']
15:02:19 - 行 69: 跳過空的替換結果 (企業)
15:02:19 - 行 70: 檢測到 1 個敏感詞: ['學生']
15:02:19 - 行 70: 跳過空的替換結果 (企業)
15:02:19 - 行 71: 檢測到 1 個敏感詞: ['學生']
15:02:19 - 行 71: 跳過空的替換結果 (企業)
15:02:19 - 行 72: 檢測到 1 個敏感詞: ['學生']
15:02:19 - 行 72: 跳過空的替換結果 (企業)
15:02:19 - 行 73: 檢測到 1 個敏感詞: ['學生']
15:02:19 - 行 73: 跳過空的替換結果 (企業)
15:02:19 - 行 74: 檢測到 1 個敏感詞: ['學生']
15:02:19 - 行 74: 跳過空的替換結果 (企業)
15:02:19 - 行 75: 檢測到 3 個敏感詞: ['學生', '教師', '設置']
15:02:19 - 行 75: 跳過空的替換結果 (企業)
15:02:19 - 行 76: 檢測到 3 個敏感詞: ['學生', '教師', '設置']
15:02:19 - 行 76: 跳過空的替換結果 (企業)
15:02:19 - 行 77: 檢測到 2 個敏感詞: ['學生', '老師']
15:02:19 - 行 77: 跳過空的替換結果 (企業)
15:02:19 - 行 78: 檢測到 1 個敏感詞: ['學生']
15:02:19 - 行 78: 跳過空的替換結果 (企業)
15:02:19 - 行 79: 檢測到 1 個敏感詞: ['老師']
15:02:19 - 行 79: 跳過空的替換結果 (企業)
15:02:19 - 行 80: 檢測到 1 個敏感詞: ['學生']
15:02:19 - 行 80: 跳過空的替換結果 (企業)
15:02:19 - 行 81: 檢測到 1 個敏感詞: ['學生']
15:02:19 - 行 81: 跳過空的替換結果 (企業)
15:02:19 - 行 82: 檢測到 1 個敏感詞: ['學生']
15:02:19 - 行 82: 跳過空的替換結果 (企業)
15:02:19 - 行 83: 檢測到 1 個敏感詞: ['教師']
15:02:19 - 行 83: 跳過空的替換結果 (企業)
15:02:19 - 行 84: 檢測到 1 個敏感詞: ['學生']
15:02:19 - 行 84: 跳過空的替換結果 (企業)
15:02:19 - 行 85: 檢測到 1 個敏感詞: ['學生']
15:02:19 - 行 85: 跳過空的替換結果 (企業)
15:02:19 - 行 86: 檢測到 1 個敏感詞: ['學生']
15:02:19 - 行 86: 跳過空的替換結果 (企業)
15:02:19 - 行 87: 檢測到 1 個敏感詞: ['學生']
15:02:19 - 行 87: 跳過空的替換結果 (企業)
15:02:19 - 行 88: 檢測到 1 個敏感詞: ['學生']
15:02:19 - 行 88: 跳過空的替換結果 (企業)
15:02:19 - 行 89: 檢測到 1 個敏感詞: ['學生']
15:02:19 - 行 89: 跳過空的替換結果 (企業)
15:02:19 - 行 90: 檢測到 1 個敏感詞: ['院系']
15:02:19 - 行 90: 跳過空的替換結果 (企業)
15:02:19 - 行 91: 檢測到 1 個敏感詞: ['教師']
15:02:19 - 行 91: 跳過空的替換結果 (企業)
15:02:19 - 行 92: 檢測到 2 個敏感詞: ['學生', '老師']
15:02:19 - 行 92: 跳過空的替換結果 (企業)
15:02:19 - 行 93: 檢測到 2 個敏感詞: ['學生', '設置']
15:02:19 - 行 93: 跳過空的替換結果 (企業)
15:02:19 - 行 94: 檢測到 2 個敏感詞: ['學生', '設置']
15:02:19 - 行 94: 跳過空的替換結果 (企業)
15:02:19 - 行 95: 檢測到 3 個敏感詞: ['學生', '學生', '學生']
15:02:19 - 行 95: 跳過空的替換結果 (企業)
15:02:19 - 行 96: 檢測到 1 個敏感詞: ['教師']
15:02:19 - 行 96: 跳過空的替換結果 (企業)
15:02:19 - 行 97: 檢測到 1 個敏感詞: ['學年']
15:02:19 - 行 97: 跳過空的替換結果 (企業)
15:02:19 - 行 98: 檢測到 1 個敏感詞: ['教師']
15:02:19 - 行 98: 跳過空的替換結果 (企業)
15:02:19 - 行 99: 檢測到 1 個敏感詞: ['學生']
15:02:19 - 行 99: 跳過空的替換結果 (企業)
15:02:19 - 行 100: 檢測到 1 個敏感詞: ['學生']
15:02:19 - 行 100: 跳過空的替換結果 (企業)
15:02:19 - 行 101: 檢測到 1 個敏感詞: ['學生']
15:02:19 - 行 101: 跳過空的替換結果 (企業)
15:02:19 - 行 102: 檢測到 1 個敏感詞: ['學生']
15:02:19 - 行 102: 跳過空的替換結果 (企業)
15:02:19 - 行 103: 檢測到 1 個敏感詞: ['學生']
15:02:19 - 行 103: 跳過空的替換結果 (企業)
15:02:19 - 行 104: 檢測到 1 個敏感詞: ['學生']
15:02:19 - 行 104: 跳過空的替換結果 (企業)
15:02:19 - 行 105: 檢測到 1 個敏感詞: ['學生']
15:02:19 - 行 105: 跳過空的替換結果 (企業)
15:02:19 - 行 106: 檢測到 1 個敏感詞: ['學生']
15:02:19 - 行 106: 跳過空的替換結果 (企業)
15:02:19 - 行 107: 檢測到 1 個敏感詞: ['學生']
15:02:19 - 行 107: 跳過空的替換結果 (企業)
15:02:19 - 行 108: 檢測到 1 個敏感詞: ['學生']
15:02:19 - 行 108: 跳過空的替換結果 (企業)
15:02:19 - 行 109: 檢測到 1 個敏感詞: ['老師']
15:02:19 - 行 109: 跳過空的替換結果 (企業)
15:02:19 - 行 110: 檢測到 1 個敏感詞: ['老師']
15:02:19 - 行 110: 跳過空的替換結果 (企業)
15:02:19 - 行 111: 檢測到 1 個敏感詞: ['老師']
15:02:19 - 行 111: 跳過空的替換結果 (企業)
15:02:19 - 行 112: 檢測到 1 個敏感詞: ['學生']
15:02:19 - 行 112: 跳過空的替換結果 (企業)
15:02:19 - 行 113: 檢測到 1 個敏感詞: ['學生']
15:02:19 - 行 113: 跳過空的替換結果 (企業)
15:02:19 - 行 114: 檢測到 1 個敏感詞: ['學生']
15:02:19 - 行 114: 跳過空的替換結果 (企業)
15:02:19 - 行 115: 檢測到 1 個敏感詞: ['學生']
15:02:19 - 行 115: 跳過空的替換結果 (企業)
15:02:19 - 行 116: 檢測到 1 個敏感詞: ['教師']
15:02:19 - 行 116: 跳過空的替換結果 (企業)
15:02:19 - 行 117: 檢測到 1 個敏感詞: ['院系']
15:02:19 - 行 117: 跳過空的替換結果 (企業)
15:02:19 - 行 118: 檢測到 1 個敏感詞: ['院系']
15:02:19 - 行 118: 跳過空的替換結果 (企業)
15:02:19 - 行 119: 檢測到 3 個敏感詞: ['學生', '學生', '老師']
15:02:19 - 行 119: 跳過空的替換結果 (企業)
15:02:19 - 行 120: 檢測到 4 個敏感詞: ['學生', '老師', '老師', '設置']
15:02:19 - 行 120: 跳過空的替換結果 (企業)
15:02:19 - 行 121: 檢測到 1 個敏感詞: ['學生']
15:02:19 - 行 121: 跳過空的替換結果 (企業)
15:02:19 - 行 122: 檢測到 3 個敏感詞: ['學生', '老師', '設置']
15:02:19 - 行 122: 跳過空的替換結果 (企業)
15:02:19 - 行 123: 檢測到 1 個敏感詞: ['學生']
15:02:19 - 行 123: 跳過空的替換結果 (企業)
15:02:19 - 行 124: 檢測到 1 個敏感詞: ['學年']
15:02:19 - 行 124: 跳過空的替換結果 (企業)
15:02:19 - 行 125: 檢測到 1 個敏感詞: ['教師']
15:02:19 - 行 125: 跳過空的替換結果 (企業)
15:02:19 - 行 126: 檢測到 1 個敏感詞: ['學生']
15:02:19 - 行 126: 跳過空的替換結果 (企業)
15:02:19 - 行 127: 檢測到 1 個敏感詞: ['學生']
15:02:19 - 行 127: 跳過空的替換結果 (企業)
15:02:19 - 行 128: 檢測到 1 個敏感詞: ['學生']
15:02:19 - 行 128: 跳過空的替換結果 (企業)
15:02:19 - 行 129: 檢測到 1 個敏感詞: ['學生']
15:02:19 - 行 129: 跳過空的替換結果 (企業)
15:02:19 - 行 130: 檢測到 1 個敏感詞: ['學生']
15:02:19 - 行 130: 跳過空的替換結果 (企業)
15:02:19 - 行 131: 檢測到 1 個敏感詞: ['教師']
15:02:19 - 行 131: 跳過空的替換結果 (企業)
15:02:19 - 行 132: 檢測到 1 個敏感詞: ['學生']
15:02:19 - 行 132: 跳過空的替換結果 (企業)
15:02:19 - 行 133: 檢測到 1 個敏感詞: ['設置']
15:02:19 - 行 133: 跳過空的替換結果 (企業)
15:02:19 - 行 134: 檢測到 2 個敏感詞: ['學生', '學生']
15:02:19 - 行 134: 跳過空的替換結果 (企業)
15:02:19 - 行 135: 檢測到 1 個敏感詞: ['院系']
15:02:19 - 行 135: 跳過空的替換結果 (企業)
15:02:19 - 行 136: 檢測到 1 個敏感詞: ['學生']
15:02:19 - 行 136: 跳過空的替換結果 (企業)
15:02:19 - 行 137: 檢測到 1 個敏感詞: ['老師']
15:02:19 - 行 137: 跳過空的替換結果 (企業)
15:02:19 - 行 138: 檢測到 2 個敏感詞: ['學生', '老師']
15:02:19 - 行 138: 跳過空的替換結果 (企業)
15:02:19 - 行 139: 檢測到 1 個敏感詞: ['學生']
15:02:19 - 行 139: 跳過空的替換結果 (企業)
15:02:19 - 行 140: 檢測到 2 個敏感詞: ['學生', '教師']
15:02:19 - 行 140: 跳過空的替換結果 (企業)
15:02:19 - 行 141: 檢測到 1 個敏感詞: ['教師']
15:02:19 - 行 141: 跳過空的替換結果 (企業)
15:02:19 - 行 142: 檢測到 2 個敏感詞: ['學生', '學生']
15:02:19 - 行 142: 跳過空的替換結果 (企業)
15:02:19 - 行 143: 檢測到 1 個敏感詞: ['學生']
15:02:19 - 行 143: 跳過空的替換結果 (企業)
15:02:19 - 行 144: 檢測到 1 個敏感詞: ['學生']
15:02:19 - 行 144: 跳過空的替換結果 (企業)
15:02:19 - 行 145: 檢測到 2 個敏感詞: ['互聯網', '學生']
15:02:19 - 行 145: 跳過空的替換結果 (企業)
15:02:19 - 行 146: 檢測到 2 個敏感詞: ['學生', '教師']
15:02:19 - 行 146: 跳過空的替換結果 (企業)
15:02:19 - 行 147: 檢測到 2 個敏感詞: ['學生', '學生']
15:02:19 - 行 147: 跳過空的替換結果 (企業)
15:02:19 - 行 148: 檢測到 1 個敏感詞: ['老師']
15:02:19 - 行 148: 跳過空的替換結果 (企業)
15:02:19 - 行 149: 檢測到 1 個敏感詞: ['學生']
15:02:19 - 行 149: 跳過空的替換結果 (企業)
15:02:19 - 行 150: 檢測到 1 個敏感詞: ['老師']
15:02:19 - 行 150: 跳過空的替換結果 (企業)
15:02:19 - 行 151: 檢測到 3 個敏感詞: ['學生', '學生', '教師']
15:02:19 - 行 151: 跳過空的替換結果 (企業)
15:02:19 - 行 152: 檢測到 1 個敏感詞: ['教師']
15:02:19 - 行 152: 跳過空的替換結果 (企業)
15:02:19 - 行 153: 檢測到 1 個敏感詞: ['互聯網']
15:02:19 - 行 153: 跳過空的替換結果 (企業)
15:02:19 - 行 154: 檢測到 1 個敏感詞: ['設置']
15:02:19 - 行 154: 跳過空的替換結果 (企業)
15:02:19 - 行 155: 檢測到 2 個敏感詞: ['學生', '老師']
15:02:19 - 行 155: 跳過空的替換結果 (企業)
15:02:19 - 行 156: 檢測到 1 個敏感詞: ['學生']
15:02:19 - 行 156: 跳過空的替換結果 (企業)
15:02:19 - 行 157: 檢測到 1 個敏感詞: ['學生']
15:02:19 - 行 157: 跳過空的替換結果 (企業)
15:02:19 - 行 158: 檢測到 2 個敏感詞: ['教師', '設置']
15:02:19 - 行 158: 跳過空的替換結果 (企業)
15:02:19 - 行 159: 檢測到 1 個敏感詞: ['學年']
15:02:19 - 行 159: 跳過空的替換結果 (企業)
15:02:19 - 行 160: 檢測到 1 個敏感詞: ['學年']
15:02:19 - 行 160: 跳過空的替換結果 (企業)
15:02:19 - 行 161: 檢測到 3 個敏感詞: ['院系', '院系', '院系']
15:02:19 - 行 161: 跳過空的替換結果 (企業)
15:02:19 - 行 162: 檢測到 1 個敏感詞: ['學生']
15:02:19 - 行 162: 跳過空的替換結果 (企業)
15:02:19 - 行 163: 檢測到 1 個敏感詞: ['學生']
15:02:19 - 行 163: 跳過空的替換結果 (企業)
15:02:19 - 行 164: 檢測到 1 個敏感詞: ['學期']
15:02:19 - 行 164: 跳過空的替換結果 (企業)
15:02:19 - 行 165: 檢測到 1 個敏感詞: ['學生']
15:02:19 - 行 165: 跳過空的替換結果 (企業)
15:02:19 - 行 166: 檢測到 1 個敏感詞: ['學生']
15:02:19 - 行 166: 跳過空的替換結果 (企業)
15:02:19 - 行 167: 檢測到 1 個敏感詞: ['設置']
15:02:19 - 行 167: 跳過空的替換結果 (企業)
15:02:19 - 行 168: 檢測到 1 個敏感詞: ['學生']
15:02:19 - 行 168: 跳過空的替換結果 (企業)
15:02:19 - 行 169: 檢測到 1 個敏感詞: ['設置']
15:02:19 - 行 169: 跳過空的替換結果 (企業)
15:02:19 - 行 170: 檢測到 1 個敏感詞: ['設置']
15:02:19 - 行 170: 跳過空的替換結果 (企業)
15:02:19 - 行 171: 檢測到 2 個敏感詞: ['學生', '教師']
15:02:19 - 行 171: 跳過空的替換結果 (企業)
15:02:19 - 行 172: 檢測到 2 個敏感詞: ['學生', '教師']
15:02:19 - 行 172: 跳過空的替換結果 (企業)
15:02:19 - 行 173: 檢測到 2 個敏感詞: ['學生', '教師']
15:02:19 - 行 173: 跳過空的替換結果 (企業)
15:02:19 - 行 174: 檢測到 1 個敏感詞: ['學生']
15:02:19 - 行 174: 跳過空的替換結果 (企業)
15:02:19 - 行 175: 檢測到 1 個敏感詞: ['年級']
15:02:19 - 行 175: 跳過空的替換結果 (企業)
15:02:19 - 行 176: 檢測到 2 個敏感詞: ['學生', '教師']
15:02:19 - 行 176: 跳過空的替換結果 (企業)
15:02:19 - 行 177: 檢測到 1 個敏感詞: ['院系']
15:02:19 - 行 177: 跳過空的替換結果 (企業)
15:02:19 - 行 178: 檢測到 1 個敏感詞: ['院系']
15:02:19 - 行 178: 跳過空的替換結果 (企業)
15:02:19 - 行 179: 檢測到 1 個敏感詞: ['院系']
15:02:19 - 行 179: 跳過空的替換結果 (企業)
15:02:19 - 行 180: 檢測到 1 個敏感詞: ['院系']
15:02:19 - 行 180: 跳過空的替換結果 (企業)
15:02:19 - 行 181: 檢測到 1 個敏感詞: ['院系']
15:02:19 - 行 181: 跳過空的替換結果 (企業)
15:02:19 - 行 182: 檢測到 1 個敏感詞: ['院系']
15:02:19 - 行 182: 跳過空的替換結果 (企業)
15:02:19 - 行 183: 檢測到 1 個敏感詞: ['院系']
15:02:19 - 行 183: 跳過空的替換結果 (企業)
15:02:19 - 行 184: 檢測到 1 個敏感詞: ['學生']
15:02:19 - 行 184: 跳過空的替換結果 (企業)
15:02:19 - 行 185: 檢測到 1 個敏感詞: ['設置']
15:02:19 - 行 185: 跳過空的替換結果 (企業)
15:02:19 - 行 186: 檢測到 2 個敏感詞: ['學生', '老師']
15:02:19 - 行 186: 跳過空的替換結果 (企業)
15:02:19 - 行 187: 檢測到 1 個敏感詞: ['設置']
15:02:19 - 行 187: 跳過空的替換結果 (企業)
15:02:19 - 行 188: 檢測到 1 個敏感詞: ['學生']
15:02:19 - 行 188: 跳過空的替換結果 (企業)
15:02:19 - 行 189: 檢測到 1 個敏感詞: ['學生']
15:02:19 - 行 189: 跳過空的替換結果 (企業)
15:02:19 - 行 190: 檢測到 1 個敏感詞: ['設置']
15:02:19 - 行 190: 跳過空的替換結果 (企業)
15:02:19 - 行 191: 檢測到 1 個敏感詞: ['學生']
15:02:19 - 行 191: 跳過空的替換結果 (企業)
15:02:19 - 行 192: 檢測到 1 個敏感詞: ['學生']
15:02:19 - 行 192: 跳過空的替換結果 (企業)
15:02:19 - 行 193: 檢測到 2 個敏感詞: ['學生', '教師']
15:02:19 - 行 193: 跳過空的替換結果 (企業)
15:02:19 - 行 194: 檢測到 1 個敏感詞: ['學生']
15:02:19 - 行 194: 跳過空的替換結果 (企業)
15:02:19 - 行 195: 檢測到 1 個敏感詞: ['學生']
15:02:19 - 行 195: 跳過空的替換結果 (企業)
15:02:19 - 行 196: 檢測到 1 個敏感詞: ['教師']
15:02:19 - 行 196: 跳過空的替換結果 (企業)
15:02:19 - 行 197: 檢測到 1 個敏感詞: ['學生']
15:02:19 - 行 197: 跳過空的替換結果 (企業)
15:02:19 - 行 198: 檢測到 1 個敏感詞: ['教師']
15:02:19 - 行 198: 跳過空的替換結果 (企業)
15:02:19 - 行 199: 檢測到 2 個敏感詞: ['教師', '設置']
15:02:19 - 行 199: 跳過空的替換結果 (企業)
15:02:19 - 行 200: 檢測到 1 個敏感詞: ['學生']
15:02:19 - 行 200: 跳過空的替換結果 (企業)
15:02:19 - 行 201: 檢測到 1 個敏感詞: ['學生']
15:02:19 - 行 201: 跳過空的替換結果 (企業)
15:02:19 - 行 202: 檢測到 1 個敏感詞: ['設置']
15:02:19 - 行 202: 跳過空的替換結果 (企業)
15:02:19 - 行 203: 檢測到 1 個敏感詞: ['設置']
15:02:19 - 行 203: 跳過空的替換結果 (企業)
15:02:19 - 行 204: 檢測到 1 個敏感詞: ['學生']
15:02:19 - 行 204: 跳過空的替換結果 (企業)
15:02:19 - 行 205: 檢測到 1 個敏感詞: ['學生']
15:02:19 - 行 205: 跳過空的替換結果 (企業)
15:02:19 - 行 206: 檢測到 1 個敏感詞: ['設置']
15:02:19 - 行 206: 跳過空的替換結果 (企業)
15:02:19 - 行 207: 檢測到 2 個敏感詞: ['學生', '學生']
15:02:19 - 行 207: 跳過空的替換結果 (企業)
15:02:19 - 行 208: 檢測到 1 個敏感詞: ['學生']
15:02:19 - 行 208: 跳過空的替換結果 (企業)
15:02:19 - 行 209: 檢測到 1 個敏感詞: ['學生']
15:02:19 - 行 209: 跳過空的替換結果 (企業)
15:02:19 - 行 210: 檢測到 2 個敏感詞: ['學生', '學生']
15:02:19 - 行 210: 跳過空的替換結果 (企業)
15:02:19 - 行 211: 檢測到 2 個敏感詞: ['學生', '學生']
15:02:19 - 行 211: 跳過空的替換結果 (企業)
15:02:19 - 行 212: 檢測到 1 個敏感詞: ['學生']
15:02:19 - 行 212: 跳過空的替換結果 (企業)
15:02:19 - 行 213: 檢測到 1 個敏感詞: ['學生']
15:02:19 - 行 213: 跳過空的替換結果 (企業)
15:02:19 - 行 214: 檢測到 1 個敏感詞: ['學生']
15:02:19 - 行 214: 跳過空的替換結果 (企業)
15:02:19 - 行 215: 檢測到 2 個敏感詞: ['學期', '學年']
15:02:19 - 行 215: 跳過空的替換結果 (企業)
15:02:19 - 行 216: 檢測到 1 個敏感詞: ['設置']
15:02:19 - 行 216: 跳過空的替換結果 (企業)
15:02:19 - 行 217: 檢測到 2 個敏感詞: ['學生', '教師']
15:02:19 - 行 217: 跳過空的替換結果 (企業)
15:02:19 - 行 218: 檢測到 2 個敏感詞: ['學生', '教師']
15:02:19 - 行 218: 跳過空的替換結果 (企業)
15:02:19 - 行 219: 檢測到 1 個敏感詞: ['學年']
15:02:19 - 行 219: 跳過空的替換結果 (企業)
15:02:19 - 行 220: 檢測到 1 個敏感詞: ['學期']
15:02:19 - 行 220: 跳過空的替換結果 (企業)
15:02:19 - 行 221: 檢測到 1 個敏感詞: ['學生']
15:02:19 - 行 221: 跳過空的替換結果 (企業)
15:02:19 - 行 222: 檢測到 1 個敏感詞: ['設置']
15:02:19 - 行 222: 跳過空的替換結果 (企業)
15:02:19 - 行 223: 檢測到 1 個敏感詞: ['學生']
15:02:19 - 行 223: 跳過空的替換結果 (企業)
15:02:19 - 行 224: 檢測到 1 個敏感詞: ['學生']
15:02:19 - 行 224: 跳過空的替換結果 (企業)
15:02:19 - 行 225: 檢測到 2 個敏感詞: ['學生', '教師']
15:02:19 - 行 225: 跳過空的替換結果 (企業)
15:02:19 - 行 226: 檢測到 1 個敏感詞: ['學生']
15:02:19 - 行 226: 跳過空的替換結果 (企業)
15:02:19 - 行 227: 檢測到 1 個敏感詞: ['學生']
15:02:19 - 行 227: 跳過空的替換結果 (企業)
15:02:19 - 行 228: 檢測到 1 個敏感詞: ['學生']
15:02:19 - 行 228: 跳過空的替換結果 (企業)
15:02:19 - 行 229: 檢測到 1 個敏感詞: ['學生']
15:02:19 - 行 229: 跳過空的替換結果 (企業)
15:02:19 - 行 230: 檢測到 1 個敏感詞: ['學生']
15:02:19 - 行 230: 跳過空的替換結果 (企業)
15:02:19 - 行 231: 檢測到 1 個敏感詞: ['學生']
15:02:19 - 行 231: 跳過空的替換結果 (企業)
15:02:19 - 行 232: 檢測到 1 個敏感詞: ['學生']
15:02:19 - 行 232: 跳過空的替換結果 (企業)
15:02:19 - 行 233: 檢測到 1 個敏感詞: ['學生']
15:02:19 - 行 233: 跳過空的替換結果 (企業)
15:02:19 - 行 234: 檢測到 1 個敏感詞: ['教師']
15:02:19 - 行 234: 跳過空的替換結果 (企業)
15:02:19 - 行 235: 檢測到 1 個敏感詞: ['院系']
15:02:19 - 行 235: 跳過空的替換結果 (企業)
15:02:19 - 行 236: 檢測到 2 個敏感詞: ['學生', '教師']
15:02:19 - 行 236: 跳過空的替換結果 (企業)
15:02:19 - 行 237: 檢測到 1 個敏感詞: ['學期']
15:02:19 - 行 237: 跳過空的替換結果 (企業)
15:02:19 - 行 238: 檢測到 2 個敏感詞: ['學生', '學生']
15:02:19 - 行 238: 跳過空的替換結果 (企業)
15:02:19 - 行 239: 檢測到 1 個敏感詞: ['教師']
15:02:19 - 行 239: 跳過空的替換結果 (企業)
15:02:19 - 行 240: 檢測到 1 個敏感詞: ['學期']
15:02:19 - 行 240: 跳過空的替換結果 (企業)
15:02:19 - 行 241: 檢測到 1 個敏感詞: ['設置']
15:02:19 - 行 241: 跳過空的替換結果 (企業)
15:02:19 - 行 242: 檢測到 1 個敏感詞: ['學生']
15:02:19 - 行 242: 跳過空的替換結果 (企業)
15:02:19 - 行 243: 檢測到 1 個敏感詞: ['學生']
15:02:19 - 行 243: 跳過空的替換結果 (企業)
15:02:19 - 行 244: 檢測到 1 個敏感詞: ['設置']
15:02:19 - 行 244: 跳過空的替換結果 (企業)
15:02:19 - 行 245: 檢測到 1 個敏感詞: ['學生']
15:02:19 - 行 245: 跳過空的替換結果 (企業)
15:02:19 - 行 246: 檢測到 1 個敏感詞: ['學生']
15:02:19 - 行 246: 跳過空的替換結果 (企業)
15:02:19 - 行 247: 檢測到 2 個敏感詞: ['教師', '設置']
15:02:19 - 行 247: 跳過空的替換結果 (企業)
15:02:19 - 行 248: 檢測到 3 個敏感詞: ['學生', '學生', '教師']
15:02:19 - 行 248: 跳過空的替換結果 (企業)
15:02:19 - 行 249: 檢測到 1 個敏感詞: ['設置']
15:02:19 - 行 249: 跳過空的替換結果 (企業)
15:02:19 - 行 250: 檢測到 1 個敏感詞: ['教師']
15:02:19 - 行 250: 跳過空的替換結果 (企業)
15:02:19 - 行 251: 檢測到 1 個敏感詞: ['設置']
15:02:19 - 行 251: 跳過空的替換結果 (企業)
15:02:19 - 行 252: 檢測到 1 個敏感詞: ['設置']
15:02:19 - 行 252: 跳過空的替換結果 (企業)
15:02:19 - 行 253: 檢測到 1 個敏感詞: ['老師']
15:02:19 - 行 253: 跳過空的替換結果 (企業)
15:02:19 - 行 254: 檢測到 1 個敏感詞: ['老師']
15:02:19 - 行 254: 跳過空的替換結果 (企業)
15:02:19 - 行 255: 檢測到 1 個敏感詞: ['老師']
15:02:19 - 行 255: 跳過空的替換結果 (企業)
15:02:19 - 行 256: 檢測到 1 個敏感詞: ['設置']
15:02:19 - 行 256: 跳過空的替換結果 (企業)
15:02:19 - 行 257: 檢測到 1 個敏感詞: ['設置']
15:02:19 - 行 257: 跳過空的替換結果 (企業)
15:02:19 - 行 258: 檢測到 1 個敏感詞: ['老師']
15:02:19 - 行 258: 跳過空的替換結果 (企業)
15:02:19 - 行 259: 檢測到 1 個敏感詞: ['老師']
15:02:19 - 行 259: 跳過空的替換結果 (企業)
15:02:19 - 行 260: 檢測到 1 個敏感詞: ['老師']
15:02:19 - 行 260: 跳過空的替換結果 (企業)
15:02:19 - 行 261: 檢測到 1 個敏感詞: ['老師']
15:02:19 - 行 261: 跳過空的替換結果 (企業)
15:02:19 - 行 262: 檢測到 1 個敏感詞: ['設置']
15:02:19 - 行 262: 跳過空的替換結果 (企業)
15:02:19 - 行 263: 檢測到 1 個敏感詞: ['學生']
15:02:19 - 行 263: 跳過空的替換結果 (企業)
15:02:19 - 行 264: 檢測到 1 個敏感詞: ['設置']
15:02:19 - 行 264: 跳過空的替換結果 (企業)
15:02:19 - 行 265: 檢測到 1 個敏感詞: ['學生']
15:02:19 - 行 265: 跳過空的替換結果 (企業)
15:02:19 - 行 266: 檢測到 1 個敏感詞: ['學生']
15:02:19 - 行 266: 跳過空的替換結果 (企業)
15:02:19 - 行 267: 檢測到 2 個敏感詞: ['學期', '學年']
15:02:19 - 行 267: 跳過空的替換結果 (企業)
15:02:19 - 行 268: 檢測到 1 個敏感詞: ['學生']
15:02:19 - 行 268: 跳過空的替換結果 (企業)
15:02:19 - 行 269: 檢測到 1 個敏感詞: ['教師']
15:02:19 - 行 269: 跳過空的替換結果 (企業)
15:02:19 - 行 270: 檢測到 1 個敏感詞: ['教師']
15:02:19 - 行 270: 跳過空的替換結果 (企業)
15:02:19 - 行 271: 檢測到 1 個敏感詞: ['學生']
15:02:19 - 行 271: 跳過空的替換結果 (企業)
15:02:19 - 行 272: 檢測到 1 個敏感詞: ['學生']
15:02:19 - 行 272: 跳過空的替換結果 (企業)
15:02:19 - 行 273: 檢測到 1 個敏感詞: ['老師']
15:02:19 - 行 273: 跳過空的替換結果 (企業)
15:02:19 - 行 274: 檢測到 1 個敏感詞: ['學生']
15:02:19 - 行 274: 跳過空的替換結果 (企業)
15:02:19 - 行 275: 檢測到 1 個敏感詞: ['老師']
15:02:19 - 行 275: 跳過空的替換結果 (企業)
15:02:19 - 行 276: 檢測到 1 個敏感詞: ['學生']
15:02:19 - 行 276: 跳過空的替換結果 (企業)
15:02:19 - 行 277: 檢測到 1 個敏感詞: ['院系']
15:02:19 - 行 277: 跳過空的替換結果 (企業)
15:02:19 - 行 278: 檢測到 2 個敏感詞: ['學生', '院系']
15:02:19 - 行 278: 跳過空的替換結果 (企業)
15:02:19 - 行 279: 檢測到 1 個敏感詞: ['院系']
15:02:19 - 行 279: 跳過空的替換結果 (企業)
15:02:19 - 行 280: 檢測到 1 個敏感詞: ['學生']
15:02:19 - 行 280: 跳過空的替換結果 (企業)
15:02:19 - 行 281: 檢測到 1 個敏感詞: ['學生']
15:02:19 - 行 281: 跳過空的替換結果 (企業)
15:02:19 - 行 282: 檢測到 1 個敏感詞: ['學生']
15:02:19 - 行 282: 跳過空的替換結果 (企業)
15:02:19 - 行 283: 檢測到 1 個敏感詞: ['教師']
15:02:19 - 行 283: 跳過空的替換結果 (企業)
15:02:19 - 行 284: 檢測到 2 個敏感詞: ['老師', '設置']
15:02:19 - 行 284: 跳過空的替換結果 (企業)
15:02:19 - 行 285: 檢測到 1 個敏感詞: ['老師']
15:02:19 - 行 285: 跳過空的替換結果 (企業)
15:02:19 - 行 286: 檢測到 1 個敏感詞: ['院系']
15:02:19 - 行 286: 跳過空的替換結果 (企業)
15:02:19 - 行 287: 檢測到 2 個敏感詞: ['學期', '學年']
15:02:19 - 行 287: 跳過空的替換結果 (企業)
15:02:19 - 行 288: 檢測到 1 個敏感詞: ['學年']
15:02:19 - 行 288: 跳過空的替換結果 (企業)
15:02:19 - 行 289: 檢測到 1 個敏感詞: ['學期']
15:02:19 - 行 289: 跳過空的替換結果 (企業)
15:02:19 - 行 290: 檢測到 1 個敏感詞: ['年級']
15:02:19 - 行 290: 跳過空的替換結果 (企業)
15:02:19 - 行 291: 檢測到 1 個敏感詞: ['學年']
15:02:19 - 行 291: 跳過空的替換結果 (企業)
15:02:19 - 行 292: 檢測到 1 個敏感詞: ['學期']
15:02:19 - 行 292: 跳過空的替換結果 (企業)
15:02:19 - 行 293: 檢測到 1 個敏感詞: ['年級']
15:02:19 - 行 293: 跳過空的替換結果 (企業)
15:02:19 - 行 294: 檢測到 1 個敏感詞: ['學生']
15:02:19 - 行 294: 跳過空的替換結果 (企業)
15:02:19 - 行 295: 檢測到 1 個敏感詞: ['學生']
15:02:19 - 行 295: 跳過空的替換結果 (企業)
15:02:19 - 行 296: 檢測到 1 個敏感詞: ['學生']
15:02:19 - 行 296: 跳過空的替換結果 (企業)
15:02:19 - 行 297: 檢測到 1 個敏感詞: ['老師']
15:02:19 - 行 297: 跳過空的替換結果 (企業)
15:02:19 - 行 298: 檢測到 1 個敏感詞: ['老師']
15:02:19 - 行 298: 跳過空的替換結果 (企業)
15:02:19 - 行 299: 檢測到 1 個敏感詞: ['老師']
15:02:19 - 行 299: 跳過空的替換結果 (企業)
15:02:19 - 行 300: 檢測到 1 個敏感詞: ['設置']
15:02:19 - 行 300: 跳過空的替換結果 (企業)
15:02:19 - 行 301: 檢測到 1 個敏感詞: ['設置']
15:02:19 - 行 301: 跳過空的替換結果 (企業)
15:02:19 - 行 302: 檢測到 1 個敏感詞: ['設置']
15:02:19 - 行 302: 跳過空的替換結果 (企業)
15:02:19 - 行 303: 檢測到 1 個敏感詞: ['設置']
15:02:19 - 行 303: 跳過空的替換結果 (企業)
15:02:19 - 行 304: 檢測到 1 個敏感詞: ['學生']
15:02:19 - 行 304: 跳過空的替換結果 (企業)
15:02:19 - 行 305: 檢測到 2 個敏感詞: ['學生', '學生']
15:02:19 - 行 305: 跳過空的替換結果 (企業)
15:02:19 - 行 306: 檢測到 1 個敏感詞: ['老師']
15:02:19 - 行 306: 跳過空的替換結果 (企業)
15:02:19 - 行 307: 檢測到 1 個敏感詞: ['老師']
15:02:19 - 行 307: 跳過空的替換結果 (企業)
15:02:19 - 行 308: 檢測到 1 個敏感詞: ['老師']
15:02:19 - 行 308: 跳過空的替換結果 (企業)
15:02:19 - 行 309: 檢測到 1 個敏感詞: ['院系']
15:02:19 - 行 309: 跳過空的替換結果 (企業)
15:02:19 - 行 310: 檢測到 1 個敏感詞: ['學生']
15:02:19 - 行 310: 跳過空的替換結果 (企業)
15:02:19 - 行 311: 檢測到 1 個敏感詞: ['學生']
15:02:19 - 行 311: 跳過空的替換結果 (企業)
15:02:19 - 行 312: 檢測到 1 個敏感詞: ['學生']
15:02:19 - 行 312: 跳過空的替換結果 (企業)
15:02:19 - 行 313: 檢測到 1 個敏感詞: ['設置']
15:02:19 - 行 313: 跳過空的替換結果 (企業)
15:02:19 - 行 314: 檢測到 1 個敏感詞: ['院系']
15:02:19 - 行 314: 跳過空的替換結果 (企業)
15:02:19 - 行 315: 檢測到 1 個敏感詞: ['院系']
15:02:19 - 行 315: 跳過空的替換結果 (企業)
15:02:19 - 行 316: 檢測到 1 個敏感詞: ['院系']
15:02:19 - 行 316: 跳過空的替換結果 (企業)
15:02:19 - 行 317: 檢測到 1 個敏感詞: ['院系']
15:02:19 - 行 317: 跳過空的替換結果 (企業)
15:02:19 - 行 318: 檢測到 1 個敏感詞: ['學生']
15:02:19 - 行 318: 跳過空的替換結果 (企業)
15:02:19 - 行 319: 檢測到 1 個敏感詞: ['學生']
15:02:19 - 行 319: 跳過空的替換結果 (企業)
15:02:19 - 行 320: 檢測到 1 個敏感詞: ['設置']
15:02:19 - 行 320: 跳過空的替換結果 (企業)
15:02:19 - 行 321: 檢測到 1 個敏感詞: ['學生']
15:02:19 - 行 321: 跳過空的替換結果 (企業)
15:02:19 - 行 322: 檢測到 1 個敏感詞: ['學生']
15:02:19 - 行 322: 跳過空的替換結果 (企業)
15:02:19 - 行 323: 檢測到 1 個敏感詞: ['學生']
15:02:19 - 行 323: 跳過空的替換結果 (企業)
15:02:19 - 行 324: 檢測到 1 個敏感詞: ['設置']
15:02:19 - 行 324: 跳過空的替換結果 (企業)
15:02:19 - 行 325: 檢測到 1 個敏感詞: ['學期']
15:02:19 - 行 325: 跳過空的替換結果 (企業)
15:02:19 - 行 326: 檢測到 1 個敏感詞: ['院系']
15:02:19 - 行 326: 跳過空的替換結果 (企業)
15:02:19 - 行 327: 檢測到 2 個敏感詞: ['院系', '院系']
15:02:19 - 行 327: 跳過空的替換結果 (企業)
15:02:19 - 行 328: 檢測到 1 個敏感詞: ['設置']
15:02:19 - 行 328: 跳過空的替換結果 (企業)
15:02:19 - 行 329: 檢測到 1 個敏感詞: ['設置']
15:02:19 - 行 329: 跳過空的替換結果 (企業)
15:02:19 - 行 330: 檢測到 1 個敏感詞: ['學年']
15:02:19 - 行 330: 跳過空的替換結果 (企業)
15:02:19 - 行 331: 檢測到 1 個敏感詞: ['設置']
15:02:19 - 行 331: 跳過空的替換結果 (企業)
15:02:19 - 行 332: 檢測到 1 個敏感詞: ['學生']
15:02:19 - 行 332: 跳過空的替換結果 (企業)
15:02:19 - 行 333: 檢測到 1 個敏感詞: ['設置']
15:02:19 - 行 333: 跳過空的替換結果 (企業)
15:02:19 - 行 334: 檢測到 2 個敏感詞: ['設置', '設置']
15:02:19 - 行 334: 跳過空的替換結果 (企業)
15:02:19 - 行 335: 檢測到 1 個敏感詞: ['學生']
15:02:19 - 行 335: 跳過空的替換結果 (企業)
15:02:19 - 行 336: 檢測到 1 個敏感詞: ['學生']
15:02:19 - 行 336: 跳過空的替換結果 (企業)
15:02:19 - 行 337: 檢測到 1 個敏感詞: ['學生']
15:02:19 - 行 337: 跳過空的替換結果 (企業)
15:02:19 - 行 338: 檢測到 1 個敏感詞: ['學生']
15:02:19 - 行 338: 跳過空的替換結果 (企業)
15:02:19 - 行 339: 檢測到 2 個敏感詞: ['老師', '老師']
15:02:19 - 行 339: 跳過空的替換結果 (企業)
15:02:19 - 行 340: 檢測到 2 個敏感詞: ['老師', '老師']
15:02:19 - 行 340: 跳過空的替換結果 (企業)
15:02:19 - 行 341: 檢測到 1 個敏感詞: ['老師']
15:02:19 - 行 341: 跳過空的替換結果 (企業)
15:02:19 - 行 342: 檢測到 1 個敏感詞: ['老師']
15:02:19 - 行 342: 跳過空的替換結果 (企業)
15:02:19 - 行 343: 檢測到 1 個敏感詞: ['學生']
15:02:19 - 行 343: 跳過空的替換結果 (企業)
15:02:19 - 行 344: 檢測到 1 個敏感詞: ['學生']
15:02:19 - 行 344: 跳過空的替換結果 (企業)
15:02:19 - 行 345: 檢測到 1 個敏感詞: ['學生']
15:02:19 - 行 345: 跳過空的替換結果 (企業)
15:02:19 - 行 346: 檢測到 1 個敏感詞: ['學生']
15:02:19 - 行 346: 跳過空的替換結果 (企業)
15:02:19 - 行 347: 檢測到 2 個敏感詞: ['學生', '學生']
15:02:19 - 行 347: 跳過空的替換結果 (企業)
15:02:19 - 行 348: 檢測到 2 個敏感詞: ['學生', '教師']
15:02:19 - 行 348: 跳過空的替換結果 (企業)
15:02:19 - 行 349: 檢測到 3 個敏感詞: ['學生', '學生', '老師']
15:02:19 - 行 349: 跳過空的替換結果 (企業)
15:02:19 - 行 350: 檢測到 1 個敏感詞: ['學生']
15:02:19 - 行 350: 跳過空的替換結果 (企業)
15:02:19 - 行 351: 檢測到 1 個敏感詞: ['學生']
15:02:19 - 行 351: 跳過空的替換結果 (企業)
15:02:19 - 行 352: 檢測到 1 個敏感詞: ['老師']
15:02:19 - 行 352: 跳過空的替換結果 (企業)
15:02:19 - 行 353: 檢測到 1 個敏感詞: ['老師']
15:02:19 - 行 353: 跳過空的替換結果 (企業)
15:02:19 - 行 354: 檢測到 1 個敏感詞: ['學生']
15:02:19 - 行 354: 跳過空的替換結果 (企業)
15:02:19 - 行 355: 檢測到 1 個敏感詞: ['學生']
15:02:19 - 行 355: 跳過空的替換結果 (企業)
15:02:19 - 行 356: 檢測到 1 個敏感詞: ['學生']
15:02:19 - 行 356: 跳過空的替換結果 (企業)
15:02:19 - 行 357: 檢測到 1 個敏感詞: ['學生']
15:02:19 - 行 357: 跳過空的替換結果 (企業)
15:02:19 - 行 358: 檢測到 1 個敏感詞: ['教師']
15:02:19 - 行 358: 跳過空的替換結果 (企業)
15:02:19 - 行 359: 檢測到 1 個敏感詞: ['學生']
15:02:19 - 行 359: 跳過空的替換結果 (企業)
15:02:19 - 行 360: 檢測到 1 個敏感詞: ['學生']
15:02:19 - 行 360: 跳過空的替換結果 (企業)
15:02:19 - 行 361: 檢測到 1 個敏感詞: ['學生']
15:02:19 - 行 361: 跳過空的替換結果 (企業)
15:02:19 - 行 362: 檢測到 1 個敏感詞: ['學生']
15:02:19 - 行 362: 跳過空的替換結果 (企業)
15:02:19 - 行 363: 檢測到 1 個敏感詞: ['學生']
15:02:19 - 行 363: 跳過空的替換結果 (企業)
15:02:19 - 行 364: 檢測到 1 個敏感詞: ['學生']
15:02:19 - 行 364: 跳過空的替換結果 (企業)
15:02:19 - 行 365: 檢測到 1 個敏感詞: ['學生']
15:02:19 - 行 365: 跳過空的替換結果 (企業)
15:02:19 - 行 366: 檢測到 1 個敏感詞: ['學生']
15:02:19 - 行 366: 跳過空的替換結果 (企業)
15:02:19 - 行 367: 檢測到 1 個敏感詞: ['教師']
15:02:19 - 行 367: 跳過空的替換結果 (企業)
15:02:19 - 行 368: 檢測到 1 個敏感詞: ['學生']
15:02:19 - 行 368: 跳過空的替換結果 (企業)
15:02:19 - 行 369: 檢測到 1 個敏感詞: ['學生']
15:02:19 - 行 369: 跳過空的替換結果 (企業)
15:02:19 - 行 370: 檢測到 1 個敏感詞: ['學生']
15:02:19 - 行 370: 跳過空的替換結果 (企業)
15:02:19 - 行 371: 檢測到 1 個敏感詞: ['老師']
15:02:19 - 行 371: 跳過空的替換結果 (企業)
15:02:19 - 行 372: 檢測到 1 個敏感詞: ['學生']
15:02:19 - 行 372: 跳過空的替換結果 (企業)
15:02:19 - 行 373: 檢測到 1 個敏感詞: ['老師']
15:02:19 - 行 373: 跳過空的替換結果 (企業)
15:02:19 - 行 374: 檢測到 1 個敏感詞: ['老師']
15:02:19 - 行 374: 跳過空的替換結果 (企業)
15:02:19 - 行 375: 檢測到 1 個敏感詞: ['教師']
15:02:19 - 行 375: 跳過空的替換結果 (企業)
15:02:19 - 行 376: 檢測到 1 個敏感詞: ['教師']
15:02:19 - 行 376: 跳過空的替換結果 (企業)
15:02:19 - 行 377: 檢測到 2 個敏感詞: ['院系', '設置']
15:02:19 - 行 377: 跳過空的替換結果 (企業)
15:02:19 - 行 378: 檢測到 1 個敏感詞: ['設置']
15:02:19 - 行 378: 跳過空的替換結果 (企業)
15:02:19 - 行 379: 檢測到 2 個敏感詞: ['設置', '設置']
15:02:19 - 行 379: 跳過空的替換結果 (企業)
15:02:19 - 行 380: 檢測到 1 個敏感詞: ['院系']
15:02:19 - 行 380: 跳過空的替換結果 (企業)
15:02:19 - 行 381: 檢測到 1 個敏感詞: ['學生']
15:02:19 - 行 381: 跳過空的替換結果 (企業)
15:02:19 - 行 382: 檢測到 2 個敏感詞: ['學生', '教師']
15:02:19 - 行 382: 跳過空的替換結果 (企業)
15:02:19 - 行 383: 檢測到 1 個敏感詞: ['教師']
15:02:19 - 行 383: 跳過空的替換結果 (企業)
15:02:19 - 行 384: 檢測到 1 個敏感詞: ['教師']
15:02:19 - 行 384: 跳過空的替換結果 (企業)
15:02:19 - 行 385: 檢測到 2 個敏感詞: ['學生', '教師']
15:02:19 - 行 385: 跳過空的替換結果 (企業)
15:02:19 - 行 386: 檢測到 1 個敏感詞: ['教師']
15:02:19 - 行 386: 跳過空的替換結果 (企業)
15:02:19 - 行 387: 檢測到 1 個敏感詞: ['教師']
15:02:19 - 行 387: 跳過空的替換結果 (企業)
15:02:19 - 行 388: 檢測到 1 個敏感詞: ['教師']
15:02:19 - 行 388: 跳過空的替換結果 (企業)
15:02:19 - 行 389: 檢測到 1 個敏感詞: ['教師']
15:02:19 - 行 389: 跳過空的替換結果 (企業)
15:02:19 - 行 390: 檢測到 1 個敏感詞: ['學生']
15:02:19 - 行 390: 跳過空的替換結果 (企業)
15:02:19 - 行 391: 檢測到 1 個敏感詞: ['學生']
15:02:19 - 行 391: 跳過空的替換結果 (企業)
15:02:19 - 行 392: 檢測到 1 個敏感詞: ['學生']
15:02:19 - 行 392: 跳過空的替換結果 (企業)
15:02:19 - 行 393: 檢測到 1 個敏感詞: ['學生']
15:02:19 - 行 393: 跳過空的替換結果 (企業)
15:02:19 - 行 394: 檢測到 1 個敏感詞: ['學生']
15:02:19 - 行 394: 跳過空的替換結果 (企業)
15:02:19 - 行 395: 檢測到 1 個敏感詞: ['教師']
15:02:19 - 行 395: 跳過空的替換結果 (企業)
15:02:19 - 行 396: 檢測到 1 個敏感詞: ['學生']
15:02:19 - 行 396: 跳過空的替換結果 (企業)
15:02:19 - 行 397: 檢測到 1 個敏感詞: ['學生']
15:02:19 - 行 397: 跳過空的替換結果 (企業)
15:02:19 - 行 398: 檢測到 1 個敏感詞: ['學生']
15:02:19 - 行 398: 跳過空的替換結果 (企業)
15:02:19 - 行 399: 檢測到 3 個敏感詞: ['學生', '學生', '設置']
15:02:19 - 行 399: 跳過空的替換結果 (企業)
15:02:19 - 行 400: 檢測到 3 個敏感詞: ['學生', '學生', '設置']
15:02:19 - 行 400: 跳過空的替換結果 (企業)
15:02:19 - 行 401: 檢測到 1 個敏感詞: ['學生']
15:02:19 - 行 401: 跳過空的替換結果 (企業)
15:02:19 - 行 402: 檢測到 1 個敏感詞: ['學生']
15:02:19 - 行 402: 跳過空的替換結果 (企業)
15:02:19 - 行 403: 檢測到 2 個敏感詞: ['學生', '學生']
15:02:19 - 行 403: 跳過空的替換結果 (企業)
15:02:19 - 行 404: 檢測到 1 個敏感詞: ['學生']
15:02:19 - 行 404: 跳過空的替換結果 (企業)
15:02:19 - 行 405: 檢測到 1 個敏感詞: ['學生']
15:02:19 - 行 405: 跳過空的替換結果 (企業)
15:02:19 - 行 406: 檢測到 1 個敏感詞: ['教師']
15:02:19 - 行 406: 跳過空的替換結果 (企業)
15:02:19 - 行 407: 檢測到 1 個敏感詞: ['學生']
15:02:19 - 行 407: 跳過空的替換結果 (企業)
15:02:19 - 行 408: 檢測到 2 個敏感詞: ['學生', '老師']
15:02:19 - 行 408: 跳過空的替換結果 (企業)
15:02:19 - 行 409: 檢測到 1 個敏感詞: ['學生']
15:02:19 - 行 409: 跳過空的替換結果 (企業)
15:02:19 - 行 410: 檢測到 2 個敏感詞: ['學生', '老師']
15:02:19 - 行 410: 跳過空的替換結果 (企業)
15:02:19 - 行 411: 檢測到 1 個敏感詞: ['學生']
15:02:19 - 行 411: 跳過空的替換結果 (企業)
15:02:19 - 行 412: 檢測到 3 個敏感詞: ['學生', '學生', '教師']
15:02:19 - 行 412: 跳過空的替換結果 (企業)
15:02:19 - 行 413: 檢測到 1 個敏感詞: ['學生']
15:02:19 - 行 413: 跳過空的替換結果 (企業)
15:02:19 - 行 414: 檢測到 1 個敏感詞: ['學生']
15:02:19 - 行 414: 跳過空的替換結果 (企業)
15:02:19 - 行 415: 檢測到 1 個敏感詞: ['學生']
15:02:19 - 行 415: 跳過空的替換結果 (企業)
15:02:19 - 行 416: 檢測到 1 個敏感詞: ['學生']
15:02:19 - 行 416: 跳過空的替換結果 (企業)
15:02:19 - 行 417: 檢測到 1 個敏感詞: ['學生']
15:02:19 - 行 417: 跳過空的替換結果 (企業)
15:02:19 - 行 418: 檢測到 1 個敏感詞: ['學生']
15:02:19 - 行 418: 跳過空的替換結果 (企業)
15:02:19 - 行 419: 檢測到 1 個敏感詞: ['學生']
15:02:19 - 行 419: 跳過空的替換結果 (企業)
15:02:19 - 行 420: 檢測到 1 個敏感詞: ['學生']
15:02:19 - 行 420: 跳過空的替換結果 (企業)
15:02:19 - 行 421: 檢測到 1 個敏感詞: ['學生']
15:02:19 - 行 421: 跳過空的替換結果 (企業)
15:02:19 - 行 422: 檢測到 1 個敏感詞: ['教師']
15:02:19 - 行 422: 跳過空的替換結果 (企業)
15:02:19 - 行 423: 檢測到 1 個敏感詞: ['教師']
15:02:19 - 行 423: 跳過空的替換結果 (企業)
15:02:19 - 行 424: 檢測到 1 個敏感詞: ['學生']
15:02:19 - 行 424: 跳過空的替換結果 (企業)
15:02:19 - 行 425: 檢測到 1 個敏感詞: ['學生']
15:02:19 - 行 425: 跳過空的替換結果 (企業)
15:02:19 - 行 426: 檢測到 2 個敏感詞: ['學生', '老師']
15:02:19 - 行 426: 跳過空的替換結果 (企業)
15:02:19 - 行 427: 檢測到 1 個敏感詞: ['老師']
15:02:19 - 行 427: 跳過空的替換結果 (企業)
15:02:19 - 行 428: 檢測到 1 個敏感詞: ['教師']
15:02:19 - 行 428: 跳過空的替換結果 (企業)
15:02:19 - 行 429: 檢測到 1 個敏感詞: ['學生']
15:02:19 - 行 429: 跳過空的替換結果 (企業)
15:02:19 - 行 430: 檢測到 1 個敏感詞: ['教師']
15:02:19 - 行 430: 跳過空的替換結果 (企業)
15:02:19 - 行 431: 檢測到 1 個敏感詞: ['教師']
15:02:19 - 行 431: 跳過空的替換結果 (企業)
15:02:19 - 行 432: 檢測到 1 個敏感詞: ['教師']
15:02:19 - 行 432: 跳過空的替換結果 (企業)
15:02:19 - 行 433: 檢測到 1 個敏感詞: ['教師']
15:02:19 - 行 433: 跳過空的替換結果 (企業)
15:02:19 - 行 434: 檢測到 1 個敏感詞: ['教師']
15:02:19 - 行 434: 跳過空的替換結果 (企業)
15:02:19 - 行 435: 檢測到 1 個敏感詞: ['教師']
15:02:19 - 行 435: 跳過空的替換結果 (企業)
15:02:19 - 行 436: 檢測到 1 個敏感詞: ['教師']
15:02:19 - 行 436: 跳過空的替換結果 (企業)
15:02:19 - 行 437: 檢測到 1 個敏感詞: ['院系']
15:02:19 - 行 437: 跳過空的替換結果 (企業)
15:02:19 - 行 438: 檢測到 1 個敏感詞: ['院系']
15:02:19 - 行 438: 跳過空的替換結果 (企業)
15:02:19 - 行 439: 檢測到 1 個敏感詞: ['學生']
15:02:19 - 行 439: 跳過空的替換結果 (企業)
15:02:19 - 行 440: 檢測到 1 個敏感詞: ['學生']
15:02:19 - 行 440: 跳過空的替換結果 (企業)
15:02:19 - 行 441: 檢測到 1 個敏感詞: ['學生']
15:02:19 - 行 441: 跳過空的替換結果 (企業)
15:02:19 - 行 442: 檢測到 1 個敏感詞: ['學生']
15:02:19 - 行 442: 跳過空的替換結果 (企業)
15:02:19 - 行 443: 檢測到 1 個敏感詞: ['學生']
15:02:19 - 行 443: 跳過空的替換結果 (企業)
15:02:19 - 行 444: 檢測到 1 個敏感詞: ['教師']
15:02:19 - 行 444: 跳過空的替換結果 (企業)
15:02:19 - 行 445: 檢測到 2 個敏感詞: ['學生', '教師']
15:02:19 - 行 445: 跳過空的替換結果 (企業)
15:02:19 - 行 446: 檢測到 1 個敏感詞: ['學生']
15:02:19 - 行 446: 跳過空的替換結果 (企業)
15:02:19 - 行 447: 檢測到 1 個敏感詞: ['學生']
15:02:19 - 行 447: 跳過空的替換結果 (企業)
15:02:19 - 行 448: 檢測到 2 個敏感詞: ['學生', '教師']
15:02:19 - 行 448: 跳過空的替換結果 (企業)
15:02:19 - 行 449: 檢測到 1 個敏感詞: ['學生']
15:02:19 - 行 449: 跳過空的替換結果 (企業)
15:02:19 - 行 450: 檢測到 1 個敏感詞: ['學生']
15:02:19 - 行 450: 跳過空的替換結果 (企業)
15:02:19 - 行 451: 檢測到 1 個敏感詞: ['教師']
15:02:19 - 行 451: 跳過空的替換結果 (企業)
15:02:19 - 行 452: 檢測到 1 個敏感詞: ['教師']
15:02:19 - 行 452: 跳過空的替換結果 (企業)
15:02:19 - 行 453: 檢測到 1 個敏感詞: ['學生']
15:02:19 - 行 453: 跳過空的替換結果 (企業)
15:02:19 - 行 454: 檢測到 1 個敏感詞: ['教師']
15:02:19 - 行 454: 跳過空的替換結果 (企業)
15:02:19 - 行 455: 檢測到 1 個敏感詞: ['教師']
15:02:19 - 行 455: 跳過空的替換結果 (企業)
15:02:19 - 行 456: 檢測到 1 個敏感詞: ['教師']
15:02:19 - 行 456: 跳過空的替換結果 (企業)
15:02:19 - 行 457: 檢測到 1 個敏感詞: ['教師']
15:02:19 - 行 457: 跳過空的替換結果 (企業)
15:02:19 - 行 458: 檢測到 1 個敏感詞: ['教師']
15:02:19 - 行 458: 跳過空的替換結果 (企業)
15:02:19 - 行 459: 檢測到 1 個敏感詞: ['學生']
15:02:19 - 行 459: 跳過空的替換結果 (企業)
15:02:19 - 行 460: 檢測到 1 個敏感詞: ['學生']
15:02:19 - 行 460: 跳過空的替換結果 (企業)
15:02:19 - 行 461: 檢測到 1 個敏感詞: ['院系']
15:02:19 - 行 461: 跳過空的替換結果 (企業)
15:02:19 - 行 462: 檢測到 1 個敏感詞: ['學生']
15:02:19 - 行 462: 跳過空的替換結果 (企業)
15:02:19 - 行 463: 檢測到 1 個敏感詞: ['學生']
15:02:19 - 行 463: 跳過空的替換結果 (企業)
15:02:19 - 行 464: 檢測到 1 個敏感詞: ['學生']
15:02:19 - 行 464: 跳過空的替換結果 (企業)
15:02:19 - 行 465: 檢測到 1 個敏感詞: ['設置']
15:02:19 - 行 465: 跳過空的替換結果 (企業)
15:02:19 - 行 466: 檢測到 1 個敏感詞: ['設置']
15:02:19 - 行 466: 跳過空的替換結果 (企業)
15:02:19 - 行 467: 檢測到 1 個敏感詞: ['設置']
15:02:19 - 行 467: 跳過空的替換結果 (企業)
15:02:19 - 行 468: 檢測到 1 個敏感詞: ['設置']
15:02:19 - 行 468: 跳過空的替換結果 (企業)
15:02:19 - 行 469: 檢測到 1 個敏感詞: ['學生']
15:02:19 - 行 469: 跳過空的替換結果 (企業)
15:02:19 - 行 470: 檢測到 1 個敏感詞: ['設置']
15:02:19 - 行 470: 跳過空的替換結果 (企業)
15:02:19 - 行 471: 檢測到 1 個敏感詞: ['設置']
15:02:19 - 行 471: 跳過空的替換結果 (企業)
15:02:19 - 行 472: 檢測到 1 個敏感詞: ['學生']
15:02:19 - 行 472: 跳過空的替換結果 (企業)
15:02:19 - 行 473: 檢測到 1 個敏感詞: ['學生']
15:02:19 - 行 473: 跳過空的替換結果 (企業)
15:02:19 - 行 474: 檢測到 1 個敏感詞: ['學生']
15:02:19 - 行 474: 跳過空的替換結果 (企業)
15:02:19 - 行 475: 檢測到 1 個敏感詞: ['學生']
15:02:19 - 行 475: 跳過空的替換結果 (企業)
15:02:19 - 行 476: 檢測到 3 個敏感詞: ['教師', '教師', '教師']
15:02:19 - 行 476: 跳過空的替換結果 (企業)
15:02:19 - 行 477: 檢測到 1 個敏感詞: ['教師']
15:02:19 - 行 477: 跳過空的替換結果 (企業)
15:02:19 - 行 478: 檢測到 1 個敏感詞: ['學生']
15:02:19 - 行 478: 跳過空的替換結果 (企業)
15:02:19 - 行 479: 檢測到 1 個敏感詞: ['年級']
15:02:19 - 行 479: 跳過空的替換結果 (企業)
15:02:19 - 行 480: 檢測到 1 個敏感詞: ['學生']
15:02:19 - 行 480: 跳過空的替換結果 (企業)
15:02:19 - 行 481: 檢測到 1 個敏感詞: ['教師']
15:02:19 - 行 481: 跳過空的替換結果 (企業)
15:02:19 - 行 482: 檢測到 2 個敏感詞: ['學期', '學年']
15:02:19 - 行 482: 跳過空的替換結果 (企業)
15:02:19 - 行 483: 檢測到 1 個敏感詞: ['教師']
15:02:19 - 行 483: 跳過空的替換結果 (企業)
15:02:19 - 行 484: 檢測到 1 個敏感詞: ['教師']
15:02:19 - 行 484: 跳過空的替換結果 (企業)
15:02:19 - 行 485: 檢測到 1 個敏感詞: ['設置']
15:02:19 - 行 485: 跳過空的替換結果 (企業)
15:02:19 - 行 486: 檢測到 1 個敏感詞: ['學生']
15:02:19 - 行 486: 跳過空的替換結果 (企業)
15:02:19 - 行 487: 檢測到 1 個敏感詞: ['設置']
15:02:19 - 行 487: 跳過空的替換結果 (企業)
15:02:19 - 行 488: 檢測到 2 個敏感詞: ['學生', '學期']
15:02:19 - 行 488: 跳過空的替換結果 (企業)
15:02:19 - 行 489: 檢測到 1 個敏感詞: ['學期']
15:02:19 - 行 489: 跳過空的替換結果 (企業)
15:02:19 - 行 490: 檢測到 1 個敏感詞: ['教師']
15:02:19 - 行 490: 跳過空的替換結果 (企業)
15:02:19 - 行 491: 檢測到 1 個敏感詞: ['學生']
15:02:19 - 行 491: 跳過空的替換結果 (企業)
15:02:19 - 行 492: 檢測到 1 個敏感詞: ['學生']
15:02:19 - 行 492: 跳過空的替換結果 (企業)
15:02:19 - 行 493: 檢測到 1 個敏感詞: ['學生']
15:02:19 - 行 493: 跳過空的替換結果 (企業)
15:02:19 - 行 494: 檢測到 1 個敏感詞: ['學生']
15:02:19 - 行 494: 跳過空的替換結果 (企業)
15:02:19 - 行 495: 檢測到 1 個敏感詞: ['學生']
15:02:19 - 行 495: 跳過空的替換結果 (企業)
15:02:19 - 行 496: 檢測到 1 個敏感詞: ['學生']
15:02:19 - 行 496: 跳過空的替換結果 (企業)
15:02:19 - 行 497: 檢測到 1 個敏感詞: ['學期']
15:02:19 - 行 497: 跳過空的替換結果 (企業)
15:02:19 - 行 498: 檢測到 1 個敏感詞: ['學生']
15:02:19 - 行 498: 跳過空的替換結果 (企業)
15:02:19 - 行 499: 檢測到 1 個敏感詞: ['學生']
15:02:19 - 行 499: 跳過空的替換結果 (企業)
15:02:19 - 行 500: 檢測到 1 個敏感詞: ['設置']
15:02:19 - 行 500: 跳過空的替換結果 (企業)
15:02:19 - 行 501: 檢測到 1 個敏感詞: ['設置']
15:02:19 - 行 501: 跳過空的替換結果 (企業)
15:02:19 - 行 502: 檢測到 1 個敏感詞: ['設置']
15:02:19 - 行 502: 跳過空的替換結果 (企業)
15:02:19 - 行 503: 檢測到 1 個敏感詞: ['設置']
15:02:19 - 行 503: 跳過空的替換結果 (企業)
15:02:19 - 行 504: 檢測到 1 個敏感詞: ['學生']
15:02:19 - 行 504: 跳過空的替換結果 (企業)
15:02:19 - 行 505: 檢測到 2 個敏感詞: ['教師', '設置']
15:02:19 - 行 505: 跳過空的替換結果 (企業)
15:02:19 - 行 506: 檢測到 1 個敏感詞: ['學生']
15:02:19 - 行 506: 跳過空的替換結果 (企業)
15:02:19 - 行 507: 檢測到 2 個敏感詞: ['老師', '設置']
15:02:19 - 行 507: 跳過空的替換結果 (企業)
15:02:19 - 行 508: 檢測到 2 個敏感詞: ['教師', '設置']
15:02:19 - 行 508: 跳過空的替換結果 (企業)
15:02:19 - 行 509: 檢測到 2 個敏感詞: ['教師', '設置']
15:02:19 - 行 509: 跳過空的替換結果 (企業)
15:02:19 - 行 510: 檢測到 1 個敏感詞: ['學生']
15:02:19 - 行 510: 跳過空的替換結果 (企業)
15:02:19 - 行 511: 檢測到 1 個敏感詞: ['教師']
15:02:19 - 行 511: 跳過空的替換結果 (企業)
15:02:19 - 行 512: 檢測到 1 個敏感詞: ['學生']
15:02:19 - 行 512: 跳過空的替換結果 (企業)
15:02:19 - 行 513: 檢測到 1 個敏感詞: ['學生']
15:02:19 - 行 513: 跳過空的替換結果 (企業)
15:02:19 - 行 514: 檢測到 1 個敏感詞: ['教師']
15:02:19 - 行 514: 跳過空的替換結果 (企業)
15:02:19 - 行 515: 檢測到 1 個敏感詞: ['設置']
15:02:19 - 行 515: 跳過空的替換結果 (企業)
15:02:19 - 行 516: 檢測到 1 個敏感詞: ['設置']
15:02:19 - 行 516: 跳過空的替換結果 (企業)
15:02:19 - 行 517: 檢測到 1 個敏感詞: ['設置']
15:02:19 - 行 517: 跳過空的替換結果 (企業)
15:02:19 - 行 518: 檢測到 1 個敏感詞: ['學生']
15:02:19 - 行 518: 跳過空的替換結果 (企業)
15:02:19 - 行 519: 檢測到 1 個敏感詞: ['學生']
15:02:19 - 行 519: 跳過空的替換結果 (企業)
15:02:19 - 行 520: 檢測到 1 個敏感詞: ['老師']
15:02:19 - 行 520: 跳過空的替換結果 (企業)
15:02:19 - 行 521: 檢測到 1 個敏感詞: ['老師']
15:02:19 - 行 521: 跳過空的替換結果 (企業)
15:02:19 - 行 522: 檢測到 1 個敏感詞: ['年級']
15:02:19 - 行 522: 跳過空的替換結果 (企業)
15:02:19 - 行 523: 檢測到 1 個敏感詞: ['老師']
15:02:19 - 行 523: 跳過空的替換結果 (企業)
15:02:19 - 行 524: 檢測到 1 個敏感詞: ['學生']
15:02:19 - 行 524: 跳過空的替換結果 (企業)
15:02:19 - 行 525: 檢測到 1 個敏感詞: ['院系']
15:02:19 - 行 525: 跳過空的替換結果 (企業)
15:02:19 - 行 526: 檢測到 1 個敏感詞: ['院系']
15:02:19 - 行 526: 跳過空的替換結果 (企業)
15:02:19 - 行 527: 檢測到 1 個敏感詞: ['教師']
15:02:19 - 行 527: 跳過空的替換結果 (企業)
15:02:19 - 行 528: 檢測到 1 個敏感詞: ['教師']
15:02:19 - 行 528: 跳過空的替換結果 (企業)
15:02:19 - 行 529: 檢測到 1 個敏感詞: ['院系']
15:02:19 - 行 529: 跳過空的替換結果 (企業)
15:02:19 - 行 530: 檢測到 1 個敏感詞: ['院系']
15:02:19 - 行 530: 跳過空的替換結果 (企業)
15:02:19 - 行 531: 檢測到 1 個敏感詞: ['學生']
15:02:19 - 行 531: 跳過空的替換結果 (企業)
15:02:19 - 行 532: 檢測到 1 個敏感詞: ['學生']
15:02:19 - 行 532: 跳過空的替換結果 (企業)
15:02:19 - 行 533: 檢測到 1 個敏感詞: ['學生']
15:02:19 - 行 533: 跳過空的替換結果 (企業)
15:02:19 - 行 534: 檢測到 1 個敏感詞: ['設置']
15:02:19 - 行 534: 跳過空的替換結果 (企業)
15:02:19 - 行 535: 檢測到 1 個敏感詞: ['學生']
15:02:19 - 行 535: 跳過空的替換結果 (企業)
15:02:19 - 行 536: 檢測到 1 個敏感詞: ['學生']
15:02:19 - 行 536: 跳過空的替換結果 (企業)
15:02:19 - 行 537: 檢測到 1 個敏感詞: ['教師']
15:02:19 - 行 537: 跳過空的替換結果 (企業)
15:02:19 - 行 538: 檢測到 1 個敏感詞: ['學生']
15:02:19 - 行 538: 跳過空的替換結果 (企業)
15:02:19 - 行 539: 檢測到 1 個敏感詞: ['教師']
15:02:19 - 行 539: 跳過空的替換結果 (企業)
15:02:19 - 行 540: 檢測到 1 個敏感詞: ['學生']
15:02:19 - 行 540: 跳過空的替換結果 (企業)
15:02:19 - 行 541: 檢測到 1 個敏感詞: ['學生']
15:02:19 - 行 541: 跳過空的替換結果 (企業)
15:02:19 - 行 542: 檢測到 1 個敏感詞: ['學生']
15:02:19 - 行 542: 跳過空的替換結果 (企業)
15:02:19 - 行 543: 檢測到 1 個敏感詞: ['老師']
15:02:19 - 行 543: 跳過空的替換結果 (企業)
15:02:19 - 行 544: 檢測到 2 個敏感詞: ['學生', '學生']
15:02:19 - 行 544: 跳過空的替換結果 (企業)
15:02:19 - 行 545: 檢測到 1 個敏感詞: ['設置']
15:02:19 - 行 545: 跳過空的替換結果 (企業)
15:02:19 - 行 546: 檢測到 1 個敏感詞: ['設置']
15:02:19 - 行 546: 跳過空的替換結果 (企業)
15:02:19 - 行 547: 檢測到 1 個敏感詞: ['設置']
15:02:19 - 行 547: 跳過空的替換結果 (企業)
15:02:19 - 行 548: 檢測到 1 個敏感詞: ['學生']
15:02:19 - 行 548: 跳過空的替換結果 (企業)
15:02:19 - 行 549: 檢測到 1 個敏感詞: ['學生']
15:02:19 - 行 549: 跳過空的替換結果 (企業)
15:02:19 - 行 550: 檢測到 1 個敏感詞: ['學生']
15:02:19 - 行 550: 跳過空的替換結果 (企業)
15:02:19 - 行 551: 檢測到 1 個敏感詞: ['教師']
15:02:19 - 行 551: 跳過空的替換結果 (企業)
15:02:19 - 行 552: 檢測到 1 個敏感詞: ['設置']
15:02:19 - 行 552: 跳過空的替換結果 (企業)
15:02:19 - 行 553: 檢測到 1 個敏感詞: ['老師']
15:02:19 - 行 553: 跳過空的替換結果 (企業)
15:02:19 - 行 554: 檢測到 1 個敏感詞: ['設置']
15:02:19 - 行 554: 跳過空的替換結果 (企業)
15:02:19 - 行 555: 檢測到 1 個敏感詞: ['設置']
15:02:19 - 行 555: 跳過空的替換結果 (企業)
15:02:19 - 行 556: 檢測到 1 個敏感詞: ['設置']
15:02:19 - 行 556: 跳過空的替換結果 (企業)
15:02:19 - 行 557: 檢測到 1 個敏感詞: ['學生']
15:02:19 - 行 557: 跳過空的替換結果 (企業)
15:02:19 - 行 558: 檢測到 1 個敏感詞: ['學生']
15:02:19 - 行 558: 跳過空的替換結果 (企業)
15:02:19 - 行 559: 檢測到 1 個敏感詞: ['學生']
15:02:19 - 行 559: 跳過空的替換結果 (企業)
15:02:19 - 行 560: 檢測到 1 個敏感詞: ['學生']
15:02:19 - 行 560: 跳過空的替換結果 (企業)
15:02:19 - 行 561: 檢測到 1 個敏感詞: ['學生']
15:02:19 - 行 561: 跳過空的替換結果 (企業)
15:02:19 - 行 562: 檢測到 1 個敏感詞: ['學生']
15:02:19 - 行 562: 跳過空的替換結果 (企業)
15:02:19 - 行 563: 檢測到 1 個敏感詞: ['設置']
15:02:19 - 行 563: 跳過空的替換結果 (企業)
15:02:19 - 行 564: 檢測到 1 個敏感詞: ['學生']
15:02:19 - 行 564: 跳過空的替換結果 (企業)
15:02:19 - 行 565: 檢測到 1 個敏感詞: ['學生']
15:02:19 - 行 565: 跳過空的替換結果 (企業)
15:02:19 - 行 566: 檢測到 1 個敏感詞: ['設置']
15:02:19 - 行 566: 跳過空的替換結果 (企業)
15:02:19 - 行 567: 檢測到 1 個敏感詞: ['學生']
15:02:19 - 行 567: 跳過空的替換結果 (企業)
15:02:19 - 行 568: 檢測到 1 個敏感詞: ['學生']
15:02:19 - 行 568: 跳過空的替換結果 (企業)
15:02:19 - 行 569: 檢測到 1 個敏感詞: ['老師']
15:02:19 - 行 569: 跳過空的替換結果 (企業)
15:02:19 - 行 570: 檢測到 1 個敏感詞: ['老師']
15:02:19 - 行 570: 跳過空的替換結果 (企業)
15:02:19 - 行 571: 檢測到 1 個敏感詞: ['學生']
15:02:19 - 行 571: 跳過空的替換結果 (企業)
15:02:19 - 行 572: 檢測到 1 個敏感詞: ['學生']
15:02:19 - 行 572: 跳過空的替換結果 (企業)
15:02:19 - 行 573: 檢測到 2 個敏感詞: ['學生', '教師']
15:02:19 - 行 573: 跳過空的替換結果 (企業)
15:02:19 - 行 574: 檢測到 1 個敏感詞: ['學生']
15:02:19 - 行 574: 跳過空的替換結果 (企業)
15:02:19 - 行 575: 檢測到 2 個敏感詞: ['學生', '教師']
15:02:19 - 行 575: 跳過空的替換結果 (企業)
15:02:19 - 行 576: 檢測到 1 個敏感詞: ['學生']
15:02:19 - 行 576: 跳過空的替換結果 (企業)
15:02:19 - 行 577: 檢測到 1 個敏感詞: ['學生']
15:02:19 - 行 577: 跳過空的替換結果 (企業)
15:02:19 - 行 578: 檢測到 1 個敏感詞: ['學生']
15:02:19 - 行 578: 跳過空的替換結果 (企業)
15:02:19 - 行 579: 檢測到 3 個敏感詞: ['學生', '學生', '教師']
15:02:19 - 行 579: 跳過空的替換結果 (企業)
15:02:19 - 行 580: 檢測到 1 個敏感詞: ['學生']
15:02:19 - 行 580: 跳過空的替換結果 (企業)
15:02:19 - 行 581: 檢測到 2 個敏感詞: ['學生', '教師']
15:02:19 - 行 581: 跳過空的替換結果 (企業)
15:02:19 - 行 582: 檢測到 1 個敏感詞: ['學生']
15:02:19 - 行 582: 跳過空的替換結果 (企業)
15:02:19 - 行 583: 檢測到 1 個敏感詞: ['學生']
15:02:19 - 行 583: 跳過空的替換結果 (企業)
15:02:19 - 行 584: 檢測到 2 個敏感詞: ['學生', '教師']
15:02:19 - 行 584: 跳過空的替換結果 (企業)
15:02:19 - 行 585: 檢測到 1 個敏感詞: ['學生']
15:02:19 - 行 585: 跳過空的替換結果 (企業)
15:02:19 - 行 586: 檢測到 1 個敏感詞: ['學生']
15:02:19 - 行 586: 跳過空的替換結果 (企業)
15:02:19 - 行 587: 檢測到 1 個敏感詞: ['學生']
15:02:19 - 行 587: 跳過空的替換結果 (企業)
15:02:19 - 行 588: 檢測到 2 個敏感詞: ['學生', '教師']
15:02:19 - 行 588: 跳過空的替換結果 (企業)
15:02:19 - 行 589: 檢測到 1 個敏感詞: ['學生']
15:02:19 - 行 589: 跳過空的替換結果 (企業)
15:02:19 - 行 590: 檢測到 2 個敏感詞: ['學生', '教師']
15:02:19 - 行 590: 跳過空的替換結果 (企業)
15:02:19 - 行 591: 檢測到 2 個敏感詞: ['學生', '教師']
15:02:19 - 行 591: 跳過空的替換結果 (企業)
15:02:19 - 行 592: 檢測到 2 個敏感詞: ['學生', '教師']
15:02:19 - 行 592: 跳過空的替換結果 (企業)
15:02:19 - 行 593: 檢測到 2 個敏感詞: ['學生', '教師']
15:02:19 - 行 593: 跳過空的替換結果 (企業)
15:02:19 - 行 594: 檢測到 1 個敏感詞: ['教師']
15:02:19 - 行 594: 跳過空的替換結果 (企業)
15:02:19 - 行 595: 檢測到 1 個敏感詞: ['學生']
15:02:19 - 行 595: 跳過空的替換結果 (企業)
15:02:19 - 行 596: 檢測到 1 個敏感詞: ['學生']
15:02:19 - 行 596: 跳過空的替換結果 (企業)
15:02:19 - 行 597: 檢測到 1 個敏感詞: ['學生']
15:02:19 - 行 597: 跳過空的替換結果 (企業)
15:02:19 - 行 598: 檢測到 1 個敏感詞: ['學生']
15:02:19 - 行 598: 跳過空的替換結果 (企業)
15:02:19 - 行 599: 檢測到 1 個敏感詞: ['學生']
15:02:19 - 行 599: 跳過空的替換結果 (企業)
15:02:19 - 行 600: 檢測到 1 個敏感詞: ['學生']
15:02:19 - 行 600: 跳過空的替換結果 (企業)
15:02:19 - 行 601: 檢測到 1 個敏感詞: ['學生']
15:02:19 - 行 601: 跳過空的替換結果 (企業)
15:02:19 - 行 602: 檢測到 2 個敏感詞: ['學生', '學生']
15:02:19 - 行 602: 跳過空的替換結果 (企業)
15:02:19 - 行 603: 檢測到 2 個敏感詞: ['學生', '學生']
15:02:19 - 行 603: 跳過空的替換結果 (企業)
15:02:19 - 行 604: 檢測到 2 個敏感詞: ['學生', '學生']
15:02:19 - 行 604: 跳過空的替換結果 (企業)
15:02:19 - 行 605: 檢測到 2 個敏感詞: ['學生', '學生']
15:02:19 - 行 605: 跳過空的替換結果 (企業)
15:02:19 - 行 606: 檢測到 2 個敏感詞: ['學生', '學生']
15:02:19 - 行 606: 跳過空的替換結果 (企業)
15:02:19 - 行 607: 檢測到 2 個敏感詞: ['學生', '學生']
15:02:19 - 行 607: 跳過空的替換結果 (企業)
15:02:19 - 行 608: 檢測到 1 個敏感詞: ['學生']
15:02:19 - 行 608: 跳過空的替換結果 (企業)
15:02:19 - 行 609: 檢測到 2 個敏感詞: ['學生', '學生']
15:02:19 - 行 609: 跳過空的替換結果 (企業)
15:02:19 - 行 610: 檢測到 1 個敏感詞: ['學生']
15:02:19 - 行 610: 跳過空的替換結果 (企業)
15:02:19 - 行 611: 檢測到 1 個敏感詞: ['學生']
15:02:19 - 行 611: 跳過空的替換結果 (企業)
15:02:19 - 行 612: 檢測到 1 個敏感詞: ['學生']
15:02:19 - 行 612: 跳過空的替換結果 (企業)
15:02:19 - 行 613: 檢測到 1 個敏感詞: ['學生']
15:02:19 - 行 613: 跳過空的替換結果 (企業)
15:02:19 - 行 614: 檢測到 1 個敏感詞: ['學生']
15:02:19 - 行 614: 跳過空的替換結果 (企業)
15:02:19 - 行 615: 檢測到 1 個敏感詞: ['教師']
15:02:19 - 行 615: 跳過空的替換結果 (企業)
15:02:19 - 行 616: 檢測到 1 個敏感詞: ['教師']
15:02:19 - 行 616: 跳過空的替換結果 (企業)
15:02:19 - 行 617: 檢測到 2 個敏感詞: ['學生', '學生']
15:02:19 - 行 617: 跳過空的替換結果 (企業)
15:02:19 - 行 618: 檢測到 2 個敏感詞: ['學生', '學生']
15:02:19 - 行 618: 跳過空的替換結果 (企業)
15:02:19 - 行 619: 檢測到 1 個敏感詞: ['學生']
15:02:19 - 行 619: 跳過空的替換結果 (企業)
15:02:19 - 行 620: 檢測到 1 個敏感詞: ['教師']
15:02:19 - 行 620: 跳過空的替換結果 (企業)
15:02:19 - 行 621: 檢測到 1 個敏感詞: ['學生']
15:02:19 - 行 621: 跳過空的替換結果 (企業)
15:02:19 - 行 622: 檢測到 1 個敏感詞: ['學生']
15:02:19 - 行 622: 跳過空的替換結果 (企業)
15:02:19 - 行 623: 檢測到 1 個敏感詞: ['教師']
15:02:19 - 行 623: 跳過空的替換結果 (企業)
15:02:19 - 行 624: 檢測到 1 個敏感詞: ['學生']
15:02:19 - 行 624: 跳過空的替換結果 (企業)
15:02:19 - 行 625: 檢測到 1 個敏感詞: ['學生']
15:02:19 - 行 625: 跳過空的替換結果 (企業)
15:02:19 - 行 626: 檢測到 1 個敏感詞: ['學生']
15:02:19 - 行 626: 跳過空的替換結果 (企業)
15:02:19 - 行 627: 檢測到 1 個敏感詞: ['學生']
15:02:19 - 行 627: 跳過空的替換結果 (企業)
15:02:19 - 行 628: 檢測到 2 個敏感詞: ['學生', '教師']
15:02:19 - 行 628: 跳過空的替換結果 (企業)
15:02:19 - 行 629: 檢測到 1 個敏感詞: ['教師']
15:02:19 - 行 629: 跳過空的替換結果 (企業)
15:02:19 - 行 630: 檢測到 1 個敏感詞: ['設置']
15:02:19 - 行 630: 跳過空的替換結果 (企業)
15:02:19 - 行 631: 檢測到 1 個敏感詞: ['學生']
15:02:19 - 行 631: 跳過空的替換結果 (企業)
15:02:19 - 行 632: 檢測到 1 個敏感詞: ['學生']
15:02:19 - 行 632: 跳過空的替換結果 (企業)
15:02:19 - 行 633: 檢測到 1 個敏感詞: ['教師']
15:02:19 - 行 633: 跳過空的替換結果 (企業)
15:02:19 - 行 634: 檢測到 1 個敏感詞: ['教師']
15:02:19 - 行 634: 跳過空的替換結果 (企業)
15:02:19 - 行 635: 檢測到 1 個敏感詞: ['教師']
15:02:19 - 行 635: 跳過空的替換結果 (企業)
15:02:19 - 行 636: 檢測到 1 個敏感詞: ['學生']
15:02:19 - 行 636: 跳過空的替換結果 (企業)
15:02:19 - 行 637: 檢測到 1 個敏感詞: ['學生']
15:02:19 - 行 637: 跳過空的替換結果 (企業)
15:02:19 - 行 638: 檢測到 1 個敏感詞: ['學生']
15:02:19 - 行 638: 跳過空的替換結果 (企業)
15:02:19 - 行 639: 檢測到 1 個敏感詞: ['學生']
15:02:19 - 行 639: 跳過空的替換結果 (企業)
15:02:19 - 行 640: 檢測到 1 個敏感詞: ['學生']
15:02:19 - 行 640: 跳過空的替換結果 (企業)
15:02:19 - 行 641: 檢測到 1 個敏感詞: ['學生']
15:02:19 - 行 641: 跳過空的替換結果 (企業)
15:02:19 - 行 642: 檢測到 1 個敏感詞: ['學生']
15:02:19 - 行 642: 跳過空的替換結果 (企業)
15:02:19 - 行 643: 檢測到 2 個敏感詞: ['學生', '學生']
15:02:19 - 行 643: 跳過空的替換結果 (企業)
15:02:19 - 行 644: 檢測到 2 個敏感詞: ['學生', '學生']
15:02:19 - 行 644: 跳過空的替換結果 (企業)
15:02:19 - 行 645: 檢測到 2 個敏感詞: ['學生', '學生']
15:02:19 - 行 645: 跳過空的替換結果 (企業)
15:02:19 - 行 646: 檢測到 2 個敏感詞: ['學生', '學生']
15:02:19 - 行 646: 跳過空的替換結果 (企業)
15:02:19 - 行 647: 檢測到 1 個敏感詞: ['學生']
15:02:19 - 行 647: 跳過空的替換結果 (企業)
15:02:19 - 行 648: 檢測到 1 個敏感詞: ['學生']
15:02:19 - 行 648: 跳過空的替換結果 (企業)
15:02:19 - 行 649: 檢測到 1 個敏感詞: ['學生']
15:02:19 - 行 649: 跳過空的替換結果 (企業)
15:02:19 - 行 650: 檢測到 1 個敏感詞: ['教師']
15:02:19 - 行 650: 跳過空的替換結果 (企業)
15:02:19 - 行 651: 檢測到 1 個敏感詞: ['學生']
15:02:19 - 行 651: 跳過空的替換結果 (企業)
15:02:19 - 行 652: 檢測到 1 個敏感詞: ['學生']
15:02:19 - 行 652: 跳過空的替換結果 (企業)
15:02:19 - 行 653: 檢測到 1 個敏感詞: ['教師']
15:02:19 - 行 653: 跳過空的替換結果 (企業)
15:02:19 - 行 654: 檢測到 1 個敏感詞: ['學生']
15:02:19 - 行 654: 跳過空的替換結果 (企業)
15:02:19 - 行 655: 檢測到 1 個敏感詞: ['學生']
15:02:19 - 行 655: 跳過空的替換結果 (企業)
15:02:19 - 行 656: 檢測到 1 個敏感詞: ['教師']
15:02:19 - 行 656: 跳過空的替換結果 (企業)
15:02:19 - 行 657: 檢測到 1 個敏感詞: ['學期']
15:02:19 - 行 657: 跳過空的替換結果 (企業)
15:02:19 - 行 658: 檢測到 1 個敏感詞: ['教師']
15:02:19 - 行 658: 跳過空的替換結果 (企業)
15:02:19 - 行 659: 檢測到 2 個敏感詞: ['學生', '教師']
15:02:19 - 行 659: 跳過空的替換結果 (企業)
15:02:19 - 行 660: 檢測到 1 個敏感詞: ['學生']
15:02:19 - 行 660: 跳過空的替換結果 (企業)
15:02:19 - 行 661: 檢測到 2 個敏感詞: ['學生', '老師']
15:02:19 - 行 661: 跳過空的替換結果 (企業)
15:02:19 - 行 662: 檢測到 2 個敏感詞: ['學生', '教師']
15:02:19 - 行 662: 跳過空的替換結果 (企業)
15:02:19 - 行 663: 檢測到 1 個敏感詞: ['學生']
15:02:19 - 行 663: 跳過空的替換結果 (企業)
15:02:19 - 行 664: 檢測到 2 個敏感詞: ['學生', '老師']
15:02:19 - 行 664: 跳過空的替換結果 (企業)
15:02:19 - 行 665: 檢測到 1 個敏感詞: ['教師']
15:02:19 - 行 665: 跳過空的替換結果 (企業)
15:02:19 - 行 666: 檢測到 1 個敏感詞: ['老師']
15:02:19 - 行 666: 跳過空的替換結果 (企業)
15:02:19 - 行 667: 檢測到 1 個敏感詞: ['教師']
15:02:19 - 行 667: 跳過空的替換結果 (企業)
15:02:19 - 行 668: 檢測到 1 個敏感詞: ['教師']
15:02:19 - 行 668: 跳過空的替換結果 (企業)
15:02:19 - 行 669: 檢測到 1 個敏感詞: ['設置']
15:02:19 - 行 669: 跳過空的替換結果 (企業)
15:02:19 - 行 670: 檢測到 1 個敏感詞: ['教師']
15:02:19 - 行 670: 跳過空的替換結果 (企業)
15:02:19 - 行 671: 檢測到 1 個敏感詞: ['學生']
15:02:19 - 行 671: 跳過空的替換結果 (企業)
15:02:19 - 行 672: 檢測到 1 個敏感詞: ['學生']
15:02:19 - 行 672: 跳過空的替換結果 (企業)
15:02:19 - 行 673: 檢測到 1 個敏感詞: ['老師']
15:02:19 - 行 673: 跳過空的替換結果 (企業)
15:02:19 - 行 674: 檢測到 1 個敏感詞: ['老師']
15:02:19 - 行 674: 跳過空的替換結果 (企業)
15:02:19 - 行 675: 檢測到 1 個敏感詞: ['學生']
15:02:19 - 行 675: 跳過空的替換結果 (企業)
15:02:19 - 行 676: 檢測到 1 個敏感詞: ['院系']
15:02:19 - 行 676: 跳過空的替換結果 (企業)
15:02:19 - 行 677: 檢測到 1 個敏感詞: ['教師']
15:02:19 - 行 677: 跳過空的替換結果 (企業)
15:02:19 - 行 678: 檢測到 1 個敏感詞: ['老師']
15:02:19 - 行 678: 跳過空的替換結果 (企業)
15:02:19 - 行 679: 檢測到 1 個敏感詞: ['學生']
15:02:19 - 行 679: 跳過空的替換結果 (企業)
15:02:19 - 行 680: 檢測到 1 個敏感詞: ['學生']
15:02:19 - 行 680: 跳過空的替換結果 (企業)
15:02:19 - 行 681: 檢測到 1 個敏感詞: ['學生']
15:02:19 - 行 681: 跳過空的替換結果 (企業)
15:02:19 - 行 682: 檢測到 1 個敏感詞: ['學生']
15:02:19 - 行 682: 跳過空的替換結果 (企業)
15:02:19 - 行 683: 檢測到 1 個敏感詞: ['院系']
15:02:19 - 行 683: 跳過空的替換結果 (企業)
15:02:19 - 行 684: 檢測到 1 個敏感詞: ['學期']
15:02:19 - 行 684: 跳過空的替換結果 (企業)
15:02:19 - 行 685: 檢測到 1 個敏感詞: ['教師']
15:02:19 - 行 685: 跳過空的替換結果 (企業)
15:02:19 - 行 686: 檢測到 2 個敏感詞: ['學生', '教師']
15:02:19 - 行 686: 跳過空的替換結果 (企業)
15:02:19 - 行 687: 檢測到 1 個敏感詞: ['教師']
15:02:19 - 行 687: 跳過空的替換結果 (企業)
15:02:19 - 行 688: 檢測到 2 個敏感詞: ['學生', '教師']
15:02:19 - 行 688: 跳過空的替換結果 (企業)
15:02:19 - 行 689: 檢測到 2 個敏感詞: ['學生', '教師']
15:02:19 - 行 689: 跳過空的替換結果 (企業)
15:02:19 - 行 690: 檢測到 1 個敏感詞: ['學生']
15:02:19 - 行 690: 跳過空的替換結果 (企業)
15:02:19 - 行 691: 檢測到 1 個敏感詞: ['院系']
15:02:19 - 行 691: 跳過空的替換結果 (企業)
15:02:19 - 行 692: 檢測到 1 個敏感詞: ['設置']
15:02:19 - 行 692: 跳過空的替換結果 (企業)
15:02:19 - 行 693: 檢測到 1 個敏感詞: ['教師']
15:02:19 - 行 693: 跳過空的替換結果 (企業)
15:02:19 - 行 694: 檢測到 1 個敏感詞: ['學生']
15:02:19 - 行 694: 跳過空的替換結果 (企業)
15:02:19 - 行 695: 檢測到 2 個敏感詞: ['學生', '學生']
15:02:19 - 行 695: 跳過空的替換結果 (企業)
15:02:19 - 行 696: 檢測到 2 個敏感詞: ['學生', '學生']
15:02:19 - 行 696: 跳過空的替換結果 (企業)
15:02:19 - 行 697: 檢測到 1 個敏感詞: ['學生']
15:02:19 - 行 697: 跳過空的替換結果 (企業)
15:02:19 - 行 698: 檢測到 1 個敏感詞: ['學生']
15:02:19 - 行 698: 跳過空的替換結果 (企業)
15:02:19 - 行 699: 檢測到 1 個敏感詞: ['年級']
15:02:19 - 行 699: 跳過空的替換結果 (企業)
15:02:19 - 行 700: 檢測到 1 個敏感詞: ['學生']
15:02:19 - 行 700: 跳過空的替換結果 (企業)
15:02:19 - 行 701: 檢測到 1 個敏感詞: ['學生']
15:02:19 - 行 701: 跳過空的替換結果 (企業)
15:02:19 - 行 702: 檢測到 1 個敏感詞: ['學生']
15:02:19 - 行 702: 跳過空的替換結果 (企業)
15:02:19 - 行 703: 檢測到 1 個敏感詞: ['學生']
15:02:19 - 行 703: 跳過空的替換結果 (企業)
15:02:19 - 行 704: 檢測到 1 個敏感詞: ['學生']
15:02:19 - 行 704: 跳過空的替換結果 (企業)
15:02:19 - 行 705: 檢測到 1 個敏感詞: ['學生']
15:02:19 - 行 705: 跳過空的替換結果 (企業)
15:02:19 - 行 706: 檢測到 1 個敏感詞: ['學生']
15:02:19 - 行 706: 跳過空的替換結果 (企業)
15:02:19 - 行 707: 檢測到 1 個敏感詞: ['學生']
15:02:19 - 行 707: 跳過空的替換結果 (企業)
15:02:19 - 行 708: 檢測到 1 個敏感詞: ['學生']
15:02:19 - 行 708: 跳過空的替換結果 (企業)
15:02:19 - 行 709: 檢測到 1 個敏感詞: ['學生']
15:02:19 - 行 709: 跳過空的替換結果 (企業)
15:02:19 - 行 710: 檢測到 1 個敏感詞: ['學生']
15:02:19 - 行 710: 跳過空的替換結果 (企業)
15:02:19 - 行 711: 檢測到 1 個敏感詞: ['學生']
15:02:19 - 行 711: 跳過空的替換結果 (企業)
15:02:19 - 行 712: 檢測到 1 個敏感詞: ['學生']
15:02:19 - 行 712: 跳過空的替換結果 (企業)
15:02:19 - 行 713: 檢測到 1 個敏感詞: ['學生']
15:02:19 - 行 713: 跳過空的替換結果 (企業)
15:02:19 - 行 714: 檢測到 1 個敏感詞: ['學生']
15:02:19 - 行 714: 跳過空的替換結果 (企業)
15:02:19 - 行 715: 檢測到 1 個敏感詞: ['學生']
15:02:19 - 行 715: 跳過空的替換結果 (企業)
15:02:19 - 行 716: 檢測到 1 個敏感詞: ['學生']
15:02:19 - 行 716: 跳過空的替換結果 (企業)
15:02:19 - 行 717: 檢測到 1 個敏感詞: ['學生']
15:02:19 - 行 717: 跳過空的替換結果 (企業)
15:02:19 - 行 718: 檢測到 1 個敏感詞: ['學生']
15:02:19 - 行 718: 跳過空的替換結果 (企業)
15:02:19 - 行 719: 檢測到 1 個敏感詞: ['學生']
15:02:19 - 行 719: 跳過空的替換結果 (企業)
15:02:19 - 行 720: 檢測到 1 個敏感詞: ['學生']
15:02:19 - 行 720: 跳過空的替換結果 (企業)
15:02:19 - 行 721: 檢測到 1 個敏感詞: ['學生']
15:02:19 - 行 721: 跳過空的替換結果 (企業)
15:02:19 - 行 722: 檢測到 1 個敏感詞: ['學生']
15:02:19 - 行 722: 跳過空的替換結果 (企業)
15:02:19 - 行 723: 檢測到 1 個敏感詞: ['學生']
15:02:19 - 行 723: 跳過空的替換結果 (企業)
15:02:19 - 行 724: 檢測到 1 個敏感詞: ['學生']
15:02:19 - 行 724: 跳過空的替換結果 (企業)
15:02:19 - 行 725: 檢測到 1 個敏感詞: ['學生']
15:02:19 - 行 725: 跳過空的替換結果 (企業)
15:02:19 - 行 726: 檢測到 1 個敏感詞: ['學生']
15:02:19 - 行 726: 跳過空的替換結果 (企業)
15:02:19 - 行 727: 檢測到 1 個敏感詞: ['學生']
15:02:19 - 行 727: 跳過空的替換結果 (企業)
15:02:19 - 行 728: 檢測到 1 個敏感詞: ['學生']
15:02:19 - 行 728: 跳過空的替換結果 (企業)
15:02:19 - 行 729: 檢測到 1 個敏感詞: ['學生']
15:02:19 - 行 729: 跳過空的替換結果 (企業)
15:02:19 - 行 730: 檢測到 1 個敏感詞: ['學生']
15:02:19 - 行 730: 跳過空的替換結果 (企業)
15:02:19 - 行 731: 檢測到 2 個敏感詞: ['學生', '學生']
15:02:19 - 行 731: 跳過空的替換結果 (企業)
15:02:19 - 行 732: 檢測到 3 個敏感詞: ['學生', '學生', '老師']
15:02:19 - 行 732: 跳過空的替換結果 (企業)
15:02:19 - 行 733: 檢測到 1 個敏感詞: ['教師']
15:02:19 - 行 733: 跳過空的替換結果 (企業)
15:02:19 - 行 734: 檢測到 2 個敏感詞: ['學生', '老師']
15:02:19 - 行 734: 跳過空的替換結果 (企業)
15:02:19 - 行 735: 檢測到 2 個敏感詞: ['學生', '學生']
15:02:19 - 行 735: 跳過空的替換結果 (企業)
15:02:19 - 行 736: 檢測到 1 個敏感詞: ['學生']
15:02:19 - 行 736: 跳過空的替換結果 (企業)
15:02:19 - 行 737: 檢測到 1 個敏感詞: ['老師']
15:02:19 - 行 737: 跳過空的替換結果 (企業)
15:02:19 - 行 738: 檢測到 4 個敏感詞: ['學生', '學生', '老師', '老師']
15:02:19 - 行 738: 跳過空的替換結果 (企業)
15:02:19 - 行 739: 檢測到 4 個敏感詞: ['學生', '學生', '老師', '老師']
15:02:19 - 行 739: 跳過空的替換結果 (企業)
15:02:19 - 行 740: 檢測到 1 個敏感詞: ['學生']
15:02:19 - 行 740: 跳過空的替換結果 (企業)
15:02:19 - 行 741: 檢測到 5 個敏感詞: ['學生', '學生', '學生', '老師', '老師']
15:02:19 - 行 741: 跳過空的替換結果 (企業)
15:02:19 - 行 742: 檢測到 3 個敏感詞: ['學生', '學生', '老師']
15:02:19 - 行 742: 跳過空的替換結果 (企業)
15:02:19 - 行 743: 檢測到 3 個敏感詞: ['學生', '學生', '老師']
15:02:19 - 行 743: 跳過空的替換結果 (企業)
15:02:19 - 行 744: 檢測到 3 個敏感詞: ['學生', '學生', '老師']
15:02:19 - 行 744: 跳過空的替換結果 (企業)
15:02:19 - 行 745: 檢測到 1 個敏感詞: ['學生']
15:02:19 - 行 745: 跳過空的替換結果 (企業)
15:02:19 - 行 746: 檢測到 1 個敏感詞: ['老師']
15:02:19 - 行 746: 跳過空的替換結果 (企業)
15:02:19 - 行 747: 檢測到 3 個敏感詞: ['學生', '學生', '老師']
15:02:19 - 行 747: 跳過空的替換結果 (企業)
15:02:19 - 行 748: 檢測到 2 個敏感詞: ['學生', '老師']
15:02:19 - 行 748: 跳過空的替換結果 (企業)
15:02:19 - 行 749: 檢測到 1 個敏感詞: ['學生']
15:02:19 - 行 749: 跳過空的替換結果 (企業)
15:02:19 - 行 750: 檢測到 1 個敏感詞: ['學生']
15:02:19 - 行 750: 跳過空的替換結果 (企業)
15:02:19 - 行 751: 檢測到 1 個敏感詞: ['老師']
15:02:19 - 行 751: 跳過空的替換結果 (企業)
15:02:19 - 行 752: 檢測到 2 個敏感詞: ['學生', '教師']
15:02:19 - 行 752: 跳過空的替換結果 (企業)
15:02:19 - 行 753: 檢測到 2 個敏感詞: ['學生', '教師']
15:02:19 - 行 753: 跳過空的替換結果 (企業)
15:02:19 - 行 754: 檢測到 1 個敏感詞: ['學生']
15:02:19 - 行 754: 跳過空的替換結果 (企業)
15:02:19 - 行 755: 檢測到 1 個敏感詞: ['學生']
15:02:19 - 行 755: 跳過空的替換結果 (企業)
15:02:19 - 行 756: 檢測到 1 個敏感詞: ['學期']
15:02:19 - 行 756: 跳過空的替換結果 (企業)
15:02:19 - 行 757: 檢測到 3 個敏感詞: ['學生', '教師', '學期']
15:02:19 - 行 757: 跳過空的替換結果 (企業)
15:02:19 - 行 758: 檢測到 2 個敏感詞: ['學生', '教師']
15:02:19 - 行 758: 跳過空的替換結果 (企業)
15:02:19 - 行 759: 檢測到 1 個敏感詞: ['教師']
15:02:19 - 行 759: 跳過空的替換結果 (企業)
15:02:19 - 行 760: 檢測到 1 個敏感詞: ['教師']
15:02:19 - 行 760: 跳過空的替換結果 (企業)
15:02:19 - 行 761: 檢測到 1 個敏感詞: ['教師']
15:02:19 - 行 761: 跳過空的替換結果 (企業)
15:02:19 - 行 762: 檢測到 1 個敏感詞: ['教師']
15:02:19 - 行 762: 跳過空的替換結果 (企業)
15:02:19 - 行 763: 檢測到 1 個敏感詞: ['設置']
15:02:19 - 行 763: 跳過空的替換結果 (企業)
15:02:19 - 行 764: 檢測到 1 個敏感詞: ['設置']
15:02:19 - 行 764: 跳過空的替換結果 (企業)
15:02:19 - 行 765: 檢測到 1 個敏感詞: ['設置']
15:02:19 - 行 765: 跳過空的替換結果 (企業)
15:02:19 - 行 766: 檢測到 1 個敏感詞: ['設置']
15:02:19 - 行 766: 跳過空的替換結果 (企業)
15:02:19 - 行 767: 檢測到 6 個敏感詞: ['學生', '學生', '學生', '學生', '學生', '設置']
15:02:19 - 行 767: 跳過空的替換結果 (企業)
15:02:19 - 行 768: 檢測到 5 個敏感詞: ['學生', '學生', '學生', '學生', '學生']
15:02:19 - 行 768: 跳過空的替換結果 (企業)
15:02:19 - 行 769: 檢測到 1 個敏感詞: ['設置']
15:02:19 - 行 769: 跳過空的替換結果 (企業)
15:02:19 - 行 770: 檢測到 2 個敏感詞: ['學生', '學生']
15:02:19 - 行 770: 跳過空的替換結果 (企業)
15:02:19 - 行 771: 檢測到 1 個敏感詞: ['學生']
15:02:19 - 行 771: 跳過空的替換結果 (企業)
15:02:19 - 行 772: 檢測到 1 個敏感詞: ['設置']
15:02:19 - 行 772: 跳過空的替換結果 (企業)
15:02:19 - 行 773: 檢測到 1 個敏感詞: ['教師']
15:02:19 - 行 773: 跳過空的替換結果 (企業)
15:02:19 - 行 774: 檢測到 1 個敏感詞: ['學生']
15:02:19 - 行 774: 跳過空的替換結果 (企業)
15:02:19 - 行 775: 檢測到 1 個敏感詞: ['老師']
15:02:19 - 行 775: 跳過空的替換結果 (企業)
15:02:19 - 行 776: 檢測到 1 個敏感詞: ['設置']
15:02:19 - 行 776: 跳過空的替換結果 (企業)
15:02:19 - 行 777: 檢測到 1 個敏感詞: ['學生']
15:02:19 - 行 777: 跳過空的替換結果 (企業)
15:02:19 - 行 778: 檢測到 1 個敏感詞: ['教師']
15:02:19 - 行 778: 跳過空的替換結果 (企業)
15:02:19 - 行 779: 檢測到 1 個敏感詞: ['教師']
15:02:19 - 行 779: 跳過空的替換結果 (企業)
15:02:19 - 行 780: 檢測到 1 個敏感詞: ['學生']
15:02:19 - 行 780: 跳過空的替換結果 (企業)
15:02:19 - 行 781: 檢測到 1 個敏感詞: ['學生']
15:02:19 - 行 781: 跳過空的替換結果 (企業)
15:02:19 - 行 782: 檢測到 1 個敏感詞: ['設置']
15:02:19 - 行 782: 跳過空的替換結果 (企業)
15:02:19 - 行 783: 檢測到 1 個敏感詞: ['學生']
15:02:19 - 行 783: 跳過空的替換結果 (企業)
15:02:19 - 行 784: 檢測到 1 個敏感詞: ['學生']
15:02:19 - 行 784: 跳過空的替換結果 (企業)
15:02:19 - 行 785: 檢測到 2 個敏感詞: ['學生', '設置']
15:02:19 - 行 785: 跳過空的替換結果 (企業)
15:02:19 - 行 786: 檢測到 1 個敏感詞: ['學生']
15:02:19 - 行 786: 跳過空的替換結果 (企業)
15:02:19 - 行 787: 檢測到 1 個敏感詞: ['學生']
15:02:19 - 行 787: 跳過空的替換結果 (企業)
15:02:19 - 行 788: 檢測到 1 個敏感詞: ['教師']
15:02:19 - 行 788: 跳過空的替換結果 (企業)
15:02:19 - 行 789: 檢測到 2 個敏感詞: ['學生', '老師']
15:02:19 - 行 789: 跳過空的替換結果 (企業)
15:02:19 - 行 790: 檢測到 2 個敏感詞: ['學生', '老師']
15:02:19 - 行 790: 跳過空的替換結果 (企業)
15:02:19 - 行 791: 檢測到 1 個敏感詞: ['學生']
15:02:19 - 行 791: 跳過空的替換結果 (企業)
15:02:19 - 行 792: 檢測到 1 個敏感詞: ['學生']
15:02:19 - 行 792: 跳過空的替換結果 (企業)
15:02:19 - 行 793: 檢測到 1 個敏感詞: ['學生']
15:02:19 - 行 793: 跳過空的替換結果 (企業)
15:02:19 - 行 794: 檢測到 1 個敏感詞: ['學生']
15:02:19 - 行 794: 跳過空的替換結果 (企業)
15:02:19 - 行 795: 檢測到 1 個敏感詞: ['學生']
15:02:19 - 行 795: 跳過空的替換結果 (企業)
15:02:19 - 行 796: 檢測到 1 個敏感詞: ['學生']
15:02:19 - 行 796: 跳過空的替換結果 (企業)
15:02:19 - 行 797: 檢測到 1 個敏感詞: ['學生']
15:02:19 - 行 797: 跳過空的替換結果 (企業)
15:02:19 - 行 798: 檢測到 1 個敏感詞: ['學生']
15:02:19 - 行 798: 跳過空的替換結果 (企業)
15:02:19 - 行 799: 檢測到 1 個敏感詞: ['教師']
15:02:19 - 行 799: 跳過空的替換結果 (企業)
15:02:19 - 行 800: 檢測到 1 個敏感詞: ['學生']
15:02:19 - 行 800: 跳過空的替換結果 (企業)
15:02:19 - 行 801: 檢測到 1 個敏感詞: ['學年']
15:02:19 - 行 801: 跳過空的替換結果 (企業)
15:02:19 - 行 802: 檢測到 1 個敏感詞: ['學期']
15:02:19 - 行 802: 跳過空的替換結果 (企業)
15:02:19 - 行 803: 檢測到 1 個敏感詞: ['院系']
15:02:19 - 行 803: 跳過空的替換結果 (企業)
15:02:19 - 行 804: 檢測到 1 個敏感詞: ['教師']
15:02:19 - 行 804: 跳過空的替換結果 (企業)
15:02:19 - 行 805: 檢測到 2 個敏感詞: ['教師', '教師']
15:02:19 - 行 805: 跳過空的替換結果 (企業)
15:02:19 - 行 806: 檢測到 1 個敏感詞: ['院系']
15:02:19 - 行 806: 跳過空的替換結果 (企業)
15:02:19 - 行 807: 檢測到 2 個敏感詞: ['學生', '教師']
15:02:19 - 行 807: 跳過空的替換結果 (企業)
15:02:19 - 行 808: 檢測到 1 個敏感詞: ['學生']
15:02:19 - 行 808: 跳過空的替換結果 (企業)
15:02:19 - 行 809: 檢測到 1 個敏感詞: ['學生']
15:02:19 - 行 809: 跳過空的替換結果 (企業)
15:02:19 - 行 810: 檢測到 1 個敏感詞: ['學生']
15:02:19 - 行 810: 跳過空的替換結果 (企業)
15:02:19 - 行 811: 檢測到 1 個敏感詞: ['學生']
15:02:19 - 行 811: 跳過空的替換結果 (企業)
15:02:19 - 行 812: 檢測到 1 個敏感詞: ['學生']
15:02:19 - 行 812: 跳過空的替換結果 (企業)
15:02:19 - 行 813: 檢測到 2 個敏感詞: ['學期', '院系']
15:02:19 - 行 813: 跳過空的替換結果 (企業)
15:02:19 - 行 814: 檢測到 4 個敏感詞: ['學生', '學生', '教師', '教師']
15:02:19 - 行 814: 跳過空的替換結果 (企業)
15:02:19 - 行 815: 檢測到 1 個敏感詞: ['學生']
15:02:19 - 行 815: 跳過空的替換結果 (企業)
15:02:19 - 行 816: 檢測到 1 個敏感詞: ['學生']
15:02:19 - 行 816: 跳過空的替換結果 (企業)
15:02:19 - 行 817: 檢測到 1 個敏感詞: ['學生']
15:02:19 - 行 817: 跳過空的替換結果 (企業)
15:02:19 - 行 818: 檢測到 1 個敏感詞: ['學生']
15:02:19 - 行 818: 跳過空的替換結果 (企業)
15:02:19 - 行 819: 檢測到 2 個敏感詞: ['學生', '老師']
15:02:19 - 行 819: 跳過空的替換結果 (企業)
15:02:19 - 行 820: 檢測到 1 個敏感詞: ['學生']
15:02:19 - 行 820: 跳過空的替換結果 (企業)
15:02:19 - 行 821: 檢測到 1 個敏感詞: ['院系']
15:02:19 - 行 821: 跳過空的替換結果 (企業)
15:02:19 - 行 822: 檢測到 1 個敏感詞: ['學生']
15:02:19 - 行 822: 跳過空的替換結果 (企業)
15:02:19 - 行 823: 檢測到 1 個敏感詞: ['學期']
15:02:19 - 行 823: 跳過空的替換結果 (企業)
15:02:19 - 行 824: 檢測到 1 個敏感詞: ['學生']
15:02:19 - 行 824: 跳過空的替換結果 (企業)
15:02:19 - 行 825: 檢測到 1 個敏感詞: ['教師']
15:02:19 - 行 825: 跳過空的替換結果 (企業)
15:02:19 - 行 826: 檢測到 2 個敏感詞: ['學生', '學生']
15:02:19 - 行 826: 跳過空的替換結果 (企業)
15:02:19 - 行 827: 檢測到 1 個敏感詞: ['學生']
15:02:19 - 行 827: 跳過空的替換結果 (企業)
15:02:19 - 解析完成 - 有效更新項目數: 0
15:02:19 - 總更新操作數: 0
15:02:19 - 跳過統計 - 空替換結果: 826, 與原文相同: 0
15:02:19 - 開始處理業態: 企業
15:02:19 - 企業 處理完成: 總更新 0 個
15:02:19 - 語言 zh-TW 處理完成: 成功 1/1 個業態
15:02:19 - 摘要報告已生成：i18n_output/zh-TW_20250616_150219_partial/partial_processing_summary_20250616_150219.txt
